"D:/WIRE 4.27/Content/Blueprints/GameModes/WIREGameInstance.uasset" 0
"D:/WIRE 4.27/Content/Blueprints/GameModes/WIREGameInstance.uexp" 1
"D:/WIRE 4.27/Content/Blueprints/Actors/Camera/CameraActor_Blueprint.uasset" 2
"D:/WIRE 4.27/Content/Blueprints/Actors/Camera/CameraActor_Blueprint.uexp" 3
"D:/WIRE 4.27/Content/Sequences/CameraTwist.uasset" 4
"D:/WIRE 4.27/Content/Sequences/CameraTwist.uexp" 5
"D:/WIRE 4.27/Content/Sequences/MainMenu.uasset" 6
"D:/WIRE 4.27/Content/Sequences/MainMenu.uexp" 7
"D:/WIRE 4.27/Content/UI/Menu/MainMenuFlipbook.uasset" 8
"D:/WIRE 4.27/Content/UI/Menu/MainMenuFlipbook.uexp" 9
"../../../Engine/Content/Functions/Engine_MaterialFunctions01/Opacity/CameraDepthFade.uasset" 10
"../../../Engine/Content/Functions/Engine_MaterialFunctions01/Opacity/CameraDepthFade.uexp" 11
"../../../Engine/Content/EngineMaterials/T_Default_Material_Grid_N.uasset" 12
"../../../Engine/Content/EngineMaterials/T_Default_Material_Grid_N.uexp" 13
"../../../Engine/Content/EngineMaterials/T_Default_Material_Grid_N.ubulk" 14
"../../../Engine/Content/EngineMaterials/T_Default_Material_Grid_M.uasset" 15
"../../../Engine/Content/EngineMaterials/T_Default_Material_Grid_M.uexp" 16
"../../../Engine/Content/EngineMaterials/T_Default_Material_Grid_M.ubulk" 17
"../../../Engine/Content/EngineMaterials/WorldGridMaterial.uasset" 18
"../../../Engine/Content/EngineMaterials/WorldGridMaterial.uexp" 19
"../../../Engine/Content/ArtTools/RenderToTexture/Meshes/S_1_Unit_Plane.uasset" 20
"../../../Engine/Content/ArtTools/RenderToTexture/Meshes/S_1_Unit_Plane.uexp" 21
"../../../Engine/Content/EngineMaterials/DefaultMaterial.uasset" 22
"../../../Engine/Content/EngineMaterials/DefaultMaterial.uexp" 23
"../../../Engine/Content/BasicShapes/Cone.uasset" 24
"../../../Engine/Content/BasicShapes/Cone.uexp" 25
"../../../Engine/Content/BasicShapes/Cube.uasset" 26
"../../../Engine/Content/BasicShapes/Cube.uexp" 27
"../../../Engine/Content/EditorLandscapeResources/DataLayer.uasset" 28
"../../../Engine/Content/EditorLandscapeResources/DataLayer.uexp" 29
"../../../Engine/Content/EditorLandscapeResources/DefaultAlphaTexture.uasset" 30
"../../../Engine/Content/EditorLandscapeResources/DefaultAlphaTexture.uexp" 31
"../../../Engine/Content/EditorMaterials/MAT_Groups_Toggle.uasset" 32
"../../../Engine/Content/EditorMaterials/MAT_Groups_Toggle.uexp" 33
"../../../Engine/Content/EditorMaterials/MAT_Groups_Visibility.uasset" 34
"../../../Engine/Content/EditorMaterials/MAT_Groups_Visibility.uexp" 35
"../../../Engine/Content/EditorMaterials/PreviewShadowIndicator.uasset" 36
"../../../Engine/Content/EditorMaterials/PreviewShadowIndicator.uexp" 37
"../../../Engine/Content/EditorMaterials/PreviewShadowIndicator.ubulk" 38
"../../../Engine/Content/EditorMaterials/PreviewShadowIndicatorMaterial.uasset" 39
"../../../Engine/Content/EditorMaterials/PreviewShadowIndicatorMaterial.uexp" 40
"../../../Engine/Content/EditorMaterials/MatineeGroups/MAT_ColorTrack.uasset" 41
"../../../Engine/Content/EditorMaterials/MatineeGroups/MAT_ColorTrack.uexp" 42
"../../../Engine/Content/EditorMaterials/MatineeGroups/MAT_Groups_Anim.uasset" 43
"../../../Engine/Content/EditorMaterials/MatineeGroups/MAT_Groups_Anim.uexp" 44
"../../../Engine/Content/EditorMaterials/MatineeGroups/MAT_Groups_AudioMaster.uasset" 45
"../../../Engine/Content/EditorMaterials/MatineeGroups/MAT_Groups_AudioMaster.uexp" 46
"../../../Engine/Content/EditorMaterials/MatineeGroups/MAT_Groups_Director.uasset" 47
"../../../Engine/Content/EditorMaterials/MatineeGroups/MAT_Groups_Director.uexp" 48
"../../../Engine/Content/EditorMaterials/MatineeGroups/MAT_Groups_Event.uasset" 49
"../../../Engine/Content/EditorMaterials/MatineeGroups/MAT_Groups_Event.uexp" 50
"../../../Engine/Content/EditorMaterials/MatineeGroups/MAT_Groups_Fade.uasset" 51
"../../../Engine/Content/EditorMaterials/MatineeGroups/MAT_Groups_Fade.uexp" 52
"../../../Engine/Content/EditorMaterials/MatineeGroups/MAT_Groups_Float.uasset" 53
"../../../Engine/Content/EditorMaterials/MatineeGroups/MAT_Groups_Float.uexp" 54
"../../../Engine/Content/EditorMaterials/MatineeGroups/MAT_Groups_Move.uasset" 55
"../../../Engine/Content/EditorMaterials/MatineeGroups/MAT_Groups_Move.uexp" 56
"../../../Engine/Content/EditorMaterials/MatineeGroups/MAT_Groups_Slomo.uasset" 57
"../../../Engine/Content/EditorMaterials/MatineeGroups/MAT_Groups_Slomo.uexp" 58
"../../../Engine/Content/EditorMaterials/MatineeGroups/MAT_Groups_Sound.uasset" 59
"../../../Engine/Content/EditorMaterials/MatineeGroups/MAT_Groups_Sound.uexp" 60
"../../../Engine/Content/EditorMaterials/MatineeGroups/MAT_Groups_Vector.uasset" 61
"../../../Engine/Content/EditorMaterials/MatineeGroups/MAT_Groups_Vector.uexp" 62
"../../../Engine/Content/EditorMaterials/ParticleSystems/PSysThumbnail_NoImage.uasset" 63
"../../../Engine/Content/EditorMaterials/ParticleSystems/PSysThumbnail_NoImage.uexp" 64
"../../../Engine/Content/EditorMaterials/ParticleSystems/PSysThumbnail_NoImage.ubulk" 65
"../../../Engine/Content/EditorMaterials/ParticleSystems/PSysThumbnail_OOD.uasset" 66
"../../../Engine/Content/EditorMaterials/ParticleSystems/PSysThumbnail_OOD.uexp" 67
"../../../Engine/Content/EditorMaterials/ParticleSystems/PSysThumbnail_OOD.ubulk" 68
"../../../Engine/Content/EditorMaterials/Camera/CineMat.uasset" 69
"../../../Engine/Content/EditorMaterials/Camera/CineMat.uexp" 70
"../../../Engine/Content/EditorMaterials/Camera/MI_CineMat_Rig.uasset" 71
"../../../Engine/Content/EditorMaterials/Camera/MI_CineMat_Rig.uexp" 72
"../../../Engine/Content/EditorMeshes/Camera/SM_CraneRig_Arm.uasset" 73
"../../../Engine/Content/EditorMeshes/Camera/SM_CraneRig_Arm.uexp" 74
"../../../Engine/Content/EditorMeshes/Camera/SM_CraneRig_Base.uasset" 75
"../../../Engine/Content/EditorMeshes/Camera/SM_CraneRig_Base.uexp" 76
"../../../Engine/Content/EditorMeshes/Camera/SM_CraneRig_Body.uasset" 77
"../../../Engine/Content/EditorMeshes/Camera/SM_CraneRig_Body.uexp" 78
"../../../Engine/Content/EditorMeshes/Camera/SM_CraneRig_Mount.uasset" 79
"../../../Engine/Content/EditorMeshes/Camera/SM_CraneRig_Mount.uexp" 80
"../../../Engine/Content/EditorMeshes/Camera/SM_RailRig_Mount.uasset" 81
"../../../Engine/Content/EditorMeshes/Camera/SM_RailRig_Mount.uexp" 82
"../../../Engine/Content/EditorMeshes/Camera/SM_RailRig_Track.uasset" 83
"../../../Engine/Content/EditorMeshes/Camera/SM_RailRig_Track.uexp" 84
"../../../Engine/Content/EditorResources/BSPVertex.uasset" 85
"../../../Engine/Content/EditorResources/BSPVertex.uexp" 86
"../../../Engine/Content/EditorResources/EmptyActor.uasset" 87
"../../../Engine/Content/EditorResources/EmptyActor.uexp" 88
"../../../Engine/Content/EditorResources/S_Actor.uasset" 89
"../../../Engine/Content/EditorResources/S_Actor.uexp" 90
"../../../Engine/Content/EditorResources/S_Actor.ubulk" 91
"../../../Engine/Content/EditorResources/S_Note.uasset" 92
"../../../Engine/Content/EditorResources/S_Note.uexp" 93
"../../../Engine/Content/EditorResources/S_Note.ubulk" 94
"../../../Engine/Content/EditorResources/S_Solver.uasset" 95
"../../../Engine/Content/EditorResources/S_Solver.uexp" 96
"../../../Engine/Content/EditorResources/S_Solver.ubulk" 97
"../../../Engine/Content/EditorResources/S_Terrain.uasset" 98
"../../../Engine/Content/EditorResources/S_Terrain.uexp" 99
"../../../Engine/Content/EditorResources/S_Terrain.ubulk" 100
"../../../Engine/Content/EditorResources/S_Trigger.uasset" 101
"../../../Engine/Content/EditorResources/S_Trigger.uexp" 102
"../../../Engine/Content/EditorResources/S_Trigger.ubulk" 103
"../../../Engine/Content/EditorResources/AudioIcons/S_AudioComponent.uasset" 104
"../../../Engine/Content/EditorResources/AudioIcons/S_AudioComponent.uexp" 105
"../../../Engine/Content/EditorResources/AudioIcons/S_AudioComponent.ubulk" 106
"../../../Engine/Content/EditorResources/LightIcons/S_LightError.uasset" 107
"../../../Engine/Content/EditorResources/LightIcons/S_LightError.uexp" 108
"../../../Engine/Content/EditorResources/SequenceRecorder/Countdown.uasset" 109
"../../../Engine/Content/EditorResources/SequenceRecorder/Countdown.uexp" 110
"../../../Engine/Content/EditorResources/SequenceRecorder/RecordingIndicator.uasset" 111
"../../../Engine/Content/EditorResources/SequenceRecorder/RecordingIndicator.uexp" 112
"../../../Engine/Content/EngineDamageTypes/DmgTypeBP_Environmental.uasset" 113
"../../../Engine/Content/EngineDamageTypes/DmgTypeBP_Environmental.uexp" 114
"../../../Engine/Content/EngineDebugMaterials/DebugEditorMaterial.uasset" 115
"../../../Engine/Content/EngineDebugMaterials/DebugEditorMaterial.uexp" 116
"../../../Engine/Content/EngineDebugMaterials/DebugMeshMaterial.uasset" 117
"../../../Engine/Content/EngineDebugMaterials/DebugMeshMaterial.uexp" 118
"../../../Engine/Content/EngineDebugMaterials/M_SimpleUnlitTranslucent.uasset" 119
"../../../Engine/Content/EngineDebugMaterials/M_SimpleUnlitTranslucent.uexp" 120
"../../../Engine/Content/EngineDebugMaterials/VolumeToRender.uasset" 121
"../../../Engine/Content/EngineDebugMaterials/VolumeToRender.uexp" 122
"../../../Engine/Content/Functions/Engine_MaterialFunctions02/Utility/CameraDirectionVector.uasset" 123
"../../../Engine/Content/Functions/Engine_MaterialFunctions02/Utility/CameraDirectionVector.uexp" 124
"../../../Engine/Content/EngineDebugMaterials/M_VolumeRenderSphereTracePP.uasset" 125
"../../../Engine/Content/EngineDebugMaterials/M_VolumeRenderSphereTracePP.uexp" 126
"../../../Engine/Content/Functions/Engine_MaterialFunctions01/Shading/ConvertFromDiffSpec.uasset" 127
"../../../Engine/Content/Functions/Engine_MaterialFunctions01/Shading/ConvertFromDiffSpec.uexp" 128
"../../../Engine/Content/EngineDebugMaterials/VertexColorMaterial.uasset" 129
"../../../Engine/Content/EngineDebugMaterials/VertexColorMaterial.uexp" 130
"../../../Engine/Content/EngineDebugMaterials/WireframeMaterial.uasset" 131
"../../../Engine/Content/EngineDebugMaterials/WireframeMaterial.uexp" 132
"../../../Engine/Content/EngineFonts/Faces/RobotoRegular.uasset" 133
"../../../Engine/Content/EngineFonts/Faces/RobotoRegular.uexp" 134
"../../../Engine/Content/EngineFonts/Faces/RobotoRegular.ufont" 135
"../../../Engine/Content/EngineFonts/Faces/RobotoLight.uasset" 136
"../../../Engine/Content/EngineFonts/Faces/RobotoLight.uexp" 137
"../../../Engine/Content/EngineFonts/Faces/RobotoLight.ufont" 138
"../../../Engine/Content/EngineFonts/Faces/RobotoItalic.uasset" 139
"../../../Engine/Content/EngineFonts/Faces/RobotoItalic.uexp" 140
"../../../Engine/Content/EngineFonts/Faces/RobotoItalic.ufont" 141
"../../../Engine/Content/EngineFonts/Faces/RobotoBoldItalic.uasset" 142
"../../../Engine/Content/EngineFonts/Faces/RobotoBoldItalic.uexp" 143
"../../../Engine/Content/EngineFonts/Faces/RobotoBoldItalic.ufont" 144
"../../../Engine/Content/EngineFonts/Faces/RobotoBold.uasset" 145
"../../../Engine/Content/EngineFonts/Faces/RobotoBold.uexp" 146
"../../../Engine/Content/EngineFonts/Faces/RobotoBold.ufont" 147
"../../../Engine/Content/EngineFonts/Faces/DroidSansFallback.uasset" 148
"../../../Engine/Content/EngineFonts/Faces/DroidSansFallback.uexp" 149
"../../../Engine/Content/EngineFonts/Faces/DroidSansFallback.ufont" 150
"../../../Engine/Content/EngineFonts/Roboto.uasset" 151
"../../../Engine/Content/EngineFonts/Roboto.uexp" 152
"../../../Engine/Content/EngineMaterials/BaseFlattenNormalMap.uasset" 153
"../../../Engine/Content/EngineMaterials/BaseFlattenNormalMap.uexp" 154
"../../../Engine/Content/EngineMaterials/BaseFlattenGrayscaleMap.uasset" 155
"../../../Engine/Content/EngineMaterials/BaseFlattenGrayscaleMap.uexp" 156
"../../../Engine/Content/EngineMaterials/BaseFlattenEmissiveMap.uasset" 157
"../../../Engine/Content/EngineMaterials/BaseFlattenEmissiveMap.uexp" 158
"../../../Engine/Content/EngineMaterials/BaseFlattenDiffuseMap.uasset" 159
"../../../Engine/Content/EngineMaterials/BaseFlattenDiffuseMap.uexp" 160
"../../../Engine/Content/EngineMaterials/BaseFlattenMaterial.uasset" 161
"../../../Engine/Content/EngineMaterials/BaseFlattenMaterial.uexp" 162
"../../../Engine/Content/EngineMaterials/BlueNoise.uasset" 163
"../../../Engine/Content/EngineMaterials/BlueNoise.uexp" 164
"../../../Engine/Content/EngineMaterials/DefaultBloomKernel.uasset" 165
"../../../Engine/Content/EngineMaterials/DefaultBloomKernel.uexp" 166
"../../../Engine/Content/EngineMaterials/DefaultBokeh.uasset" 167
"../../../Engine/Content/EngineMaterials/DefaultBokeh.uexp" 168
"../../../Engine/Content/EngineMaterials/DefaultDiffuse.uasset" 169
"../../../Engine/Content/EngineMaterials/DefaultDiffuse.uexp" 170
"../../../Engine/Content/EngineMaterials/DefaultDiffuse.ubulk" 171
"../../../Engine/Content/EngineMaterials/DefaultDeferredDecalMaterial.uasset" 172
"../../../Engine/Content/EngineMaterials/DefaultDeferredDecalMaterial.uexp" 173
"../../../Engine/Content/EngineMaterials/DefaultLightFunctionMaterial.uasset" 174
"../../../Engine/Content/EngineMaterials/DefaultLightFunctionMaterial.uexp" 175
"../../../Engine/Content/EngineMaterials/DefaultPhysicalMaterial.uasset" 176
"../../../Engine/Content/EngineMaterials/DefaultPhysicalMaterial.uexp" 177
"../../../Engine/Content/Functions/Engine_MaterialFunctions02/Utility/BreakOutFloat2Components.uasset" 178
"../../../Engine/Content/Functions/Engine_MaterialFunctions02/Utility/BreakOutFloat2Components.uexp" 179
"../../../Engine/Content/EngineMaterials/DefaultPostProcessMaterial.uasset" 180
"../../../Engine/Content/EngineMaterials/DefaultPostProcessMaterial.uexp" 181
"../../../Engine/Content/EngineFonts/RobotoDistanceField.uasset" 182
"../../../Engine/Content/EngineFonts/RobotoDistanceField.uexp" 183
"../../../Engine/Content/EngineMaterials/DefaultTextMaterialOpaque.uasset" 184
"../../../Engine/Content/EngineMaterials/DefaultTextMaterialOpaque.uexp" 185
"../../../Engine/Content/EngineMaterials/DefaultWhiteGrid.uasset" 186
"../../../Engine/Content/EngineMaterials/DefaultWhiteGrid.uexp" 187
"../../../Engine/Content/EngineMaterials/DefaultWhiteGrid.ubulk" 188
"../../../Engine/Content/EngineMaterials/DefaultWhiteGrid_Low.uasset" 189
"../../../Engine/Content/EngineMaterials/DefaultWhiteGrid_Low.uexp" 190
"../../../Engine/Content/EngineMaterials/EmissiveMeshMaterial.uasset" 191
"../../../Engine/Content/EngineMaterials/EmissiveMeshMaterial.uexp" 192
"../../../Engine/Content/EngineMaterials/GizmoMaterial.uasset" 193
"../../../Engine/Content/EngineMaterials/GizmoMaterial.uexp" 194
"../../../Engine/Content/EngineMaterials/Good64x64TilingNoiseHighFreq.uasset" 195
"../../../Engine/Content/EngineMaterials/Good64x64TilingNoiseHighFreq.uexp" 196
"../../../Engine/Content/EngineMaterials/MiniFont.uasset" 197
"../../../Engine/Content/EngineMaterials/MiniFont.uexp" 198
"../../../Engine/Content/EngineMaterials/InvalidLightmapSettings.uasset" 199
"../../../Engine/Content/EngineMaterials/InvalidLightmapSettings.uexp" 200
"../../../Engine/Content/EngineMaterials/InvalidLightmapSettings.ubulk" 201
"../../../Engine/Content/EngineMaterials/M_InvalidLightmapSettings.uasset" 202
"../../../Engine/Content/EngineMaterials/M_InvalidLightmapSettings.uexp" 203
"../../../Engine/Content/Functions/Engine_MaterialFunctions02/WorldPositionOffset/CameraOffset.uasset" 204
"../../../Engine/Content/Functions/Engine_MaterialFunctions02/WorldPositionOffset/CameraOffset.uexp" 205
"../../../Engine/Content/EngineMaterials/PhAT_JointLimitMaterial.uasset" 206
"../../../Engine/Content/EngineMaterials/PhAT_JointLimitMaterial.uexp" 207
"../../../Engine/Content/EngineMaterials/DefaultCalibrationColor.uasset" 208
"../../../Engine/Content/EngineMaterials/DefaultCalibrationColor.uexp" 209
"../../../Engine/Content/EngineMaterials/PPM_DefaultCalibrationColor.uasset" 210
"../../../Engine/Content/EngineMaterials/PPM_DefaultCalibrationColor.uexp" 211
"../../../Engine/Content/EngineMaterials/DefaultCalibrationGrayscale.uasset" 212
"../../../Engine/Content/EngineMaterials/DefaultCalibrationGrayscale.uexp" 213
"../../../Engine/Content/EngineMaterials/PPM_DefaultCalibrationGrayscale.uasset" 214
"../../../Engine/Content/EngineMaterials/PPM_DefaultCalibrationGrayscale.uexp" 215
"../../../Engine/Content/EngineMaterials/PreintegratedSkinBRDF.uasset" 216
"../../../Engine/Content/EngineMaterials/PreintegratedSkinBRDF.uexp" 217
"../../../Engine/Content/EngineMaterials/RemoveSurfaceMaterial.uasset" 218
"../../../Engine/Content/EngineMaterials/RemoveSurfaceMaterial.uexp" 219
"../../../Engine/Content/EngineMaterials/WeightMapPlaceholderTexture.uasset" 220
"../../../Engine/Content/EngineMaterials/WeightMapPlaceholderTexture.uexp" 221
"../../../Engine/Content/EngineResources/WhiteSquareTexture.uasset" 222
"../../../Engine/Content/EngineResources/WhiteSquareTexture.uexp" 223
"../../../Engine/Content/EngineMaterials/Widget3DPassThrough.uasset" 224
"../../../Engine/Content/EngineMaterials/Widget3DPassThrough.uexp" 225
"../../../Engine/Content/EngineMaterials/Widget3DPassThrough_Masked.uasset" 226
"../../../Engine/Content/EngineMaterials/Widget3DPassThrough_Masked.uexp" 227
"../../../Engine/Content/EngineMaterials/Widget3DPassThrough_Opaque.uasset" 228
"../../../Engine/Content/EngineMaterials/Widget3DPassThrough_Opaque.uexp" 229
"../../../Engine/Content/EngineMaterials/Widget3DPassThrough_Masked_OneSided.uasset" 230
"../../../Engine/Content/EngineMaterials/Widget3DPassThrough_Masked_OneSided.uexp" 231
"../../../Engine/Content/EngineMaterials/Widget3DPassThrough_Opaque_OneSided.uasset" 232
"../../../Engine/Content/EngineMaterials/Widget3DPassThrough_Opaque_OneSided.uexp" 233
"../../../Engine/Content/EngineMaterials/Widget3DPassThrough_Translucent.uasset" 234
"../../../Engine/Content/EngineMaterials/Widget3DPassThrough_Translucent.uexp" 235
"../../../Engine/Content/EngineMaterials/Widget3DPassThrough_Translucent_OneSided.uasset" 236
"../../../Engine/Content/EngineMaterials/Widget3DPassThrough_Translucent_OneSided.uexp" 237
"../../../Engine/Content/EngineMeshes/Cylinder.uasset" 238
"../../../Engine/Content/EngineMeshes/Cylinder.uexp" 239
"../../../Engine/Content/EngineMeshes/Sphere.uasset" 240
"../../../Engine/Content/EngineMeshes/Sphere.uexp" 241
"../../../Engine/Content/EngineResources/DefaultTexture.uasset" 242
"../../../Engine/Content/EngineResources/DefaultTexture.uexp" 243
"../../../Engine/Content/EngineResources/DefaultTexture.ubulk" 244
"../../../Engine/Content/EngineResources/DefaultTextureCube.uasset" 245
"../../../Engine/Content/EngineResources/DefaultTextureCube.uexp" 246
"../../../Engine/Content/EngineResources/DefaultVolumeTexture2D.uasset" 247
"../../../Engine/Content/EngineResources/DefaultVolumeTexture2D.uexp" 248
"../../../Engine/Content/EngineResources/DefaultVolumeTexture.uasset" 249
"../../../Engine/Content/EngineResources/DefaultVolumeTexture.uexp" 250
"../../../Engine/Content/EngineResources/GradientTexture0.uasset" 251
"../../../Engine/Content/EngineResources/GradientTexture0.uexp" 252
"../../../Engine/Content/EngineSky/VolumetricClouds/T_NoiseShape64.uasset" 253
"../../../Engine/Content/EngineSky/VolumetricClouds/T_NoiseShape64.uexp" 254
"../../../Engine/Content/EngineSky/VolumetricClouds/T_NoiseShape64.ubulk" 255
"../../../Engine/Content/EngineSky/VolumetricClouds/T_VolumeNoiseShape64.uasset" 256
"../../../Engine/Content/EngineSky/VolumetricClouds/T_VolumeNoiseShape64.uexp" 257
"../../../Engine/Content/EngineSky/VolumetricClouds/T_NoiseErosion.uasset" 258
"../../../Engine/Content/EngineSky/VolumetricClouds/T_NoiseErosion.uexp" 259
"../../../Engine/Content/EngineSky/VolumetricClouds/T_NoiseErosion.ubulk" 260
"../../../Engine/Content/EngineSky/VolumetricClouds/T_VolumeNoiseErosion32.uasset" 261
"../../../Engine/Content/EngineSky/VolumetricClouds/T_VolumeNoiseErosion32.uexp" 262
"../../../Engine/Content/EngineSky/VolumetricClouds/CloudWeatherTexture.uasset" 263
"../../../Engine/Content/EngineSky/VolumetricClouds/CloudWeatherTexture.uexp" 264
"../../../Engine/Content/EngineSky/VolumetricClouds/CloudGradientTexture.uasset" 265
"../../../Engine/Content/EngineSky/VolumetricClouds/CloudGradientTexture.uexp" 266
"../../../Engine/Content/Functions/Engine_MaterialFunctions02/Utility/MakeFloat2.uasset" 267
"../../../Engine/Content/Functions/Engine_MaterialFunctions02/Utility/MakeFloat2.uexp" 268
"../../../Engine/Content/EngineSky/VolumetricClouds/m_SimpleVolumetricCloud.uasset" 269
"../../../Engine/Content/EngineSky/VolumetricClouds/m_SimpleVolumetricCloud.uexp" 270
"../../../Engine/Content/EngineSky/VolumetricClouds/m_SimpleVolumetricCloud_Inst.uasset" 271
"../../../Engine/Content/EngineSky/VolumetricClouds/m_SimpleVolumetricCloud_Inst.uexp" 272
"../../../Engine/Content/EngineSounds/Master.uasset" 273
"../../../Engine/Content/EngineSounds/Master.uexp" 274
"../../../Engine/Content/Functions/Engine_MaterialFunctions01/Shading/PowerToRoughness.uasset" 275
"../../../Engine/Content/Functions/Engine_MaterialFunctions01/Shading/PowerToRoughness.uexp" 276
"../../../Engine/Content/Maps/Templates/Thumbnails/Default.uasset" 277
"../../../Engine/Content/Maps/Templates/Thumbnails/Default.uexp" 278
"../../../Engine/Content/Maps/Templates/Thumbnails/TimeOfDay.uasset" 279
"../../../Engine/Content/Maps/Templates/Thumbnails/TimeOfDay.uexp" 280
"../../../Engine/Content/Maps/Templates/Thumbnails/VR-Basic.uasset" 281
"../../../Engine/Content/Maps/Templates/Thumbnails/VR-Basic.uexp" 282
"../../../Engine/Content/MobileResources/T_MobileControls_texture.uasset" 283
"../../../Engine/Content/MobileResources/T_MobileControls_texture.uexp" 284
"../../../Engine/Content/MobileResources/T_MobileMenu2.uasset" 285
"../../../Engine/Content/MobileResources/T_MobileMenu2.uexp" 286
"../../../Engine/Content/MobileResources/HUD/AnalogHat.uasset" 287
"../../../Engine/Content/MobileResources/HUD/AnalogHat.uexp" 288
"../../../Engine/Content/MobileResources/HUD/VirtualJoystick_Thumb.uasset" 289
"../../../Engine/Content/MobileResources/HUD/VirtualJoystick_Thumb.uexp" 290
"../../../Engine/Content/MobileResources/HUD/VirtualJoystick_Background.uasset" 291
"../../../Engine/Content/MobileResources/HUD/VirtualJoystick_Background.uexp" 292
"../../../Engine/Content/MobileResources/HUD/DefaultVirtualJoysticks.uasset" 293
"../../../Engine/Content/MobileResources/HUD/DefaultVirtualJoysticks.uexp" 294
"../../../Engine/Content/MobileResources/HUD/LeftVirtualJoystickOnly.uasset" 295
"../../../Engine/Content/MobileResources/HUD/LeftVirtualJoystickOnly.uexp" 296
"../../../Engine/Content/MobileResources/HUD/MobileHUDButton1_off.uasset" 297
"../../../Engine/Content/MobileResources/HUD/MobileHUDButton1_off.uexp" 298
"../../../Engine/Content/MobileResources/HUD/MobileHUDButton1_on.uasset" 299
"../../../Engine/Content/MobileResources/HUD/MobileHUDButton1_on.uexp" 300
"../../../Engine/Content/MobileResources/HUD/MobileHUDButton2_off.uasset" 301
"../../../Engine/Content/MobileResources/HUD/MobileHUDButton2_off.uexp" 302
"../../../Engine/Content/MobileResources/HUD/MobileHUDButton2_on.uasset" 303
"../../../Engine/Content/MobileResources/HUD/MobileHUDButton2_on.uexp" 304
"../../../Engine/Content/MobileResources/HUD/MobileHUDButton3.uasset" 305
"../../../Engine/Content/MobileResources/HUD/MobileHUDButton3.uexp" 306
"../../../Engine/Content/MobileResources/HUD/MobileHUDButtonFire.uasset" 307
"../../../Engine/Content/MobileResources/HUD/MobileHUDButtonFire.uexp" 308
"../../../Engine/Content/MobileResources/HUD/MobileHUDDirectionPad.uasset" 309
"../../../Engine/Content/MobileResources/HUD/MobileHUDDirectionPad.uexp" 310
"../../../Engine/Content/MobileResources/HUD/MobileHUDDirectionPad2.uasset" 311
"../../../Engine/Content/MobileResources/HUD/MobileHUDDirectionPad2.uexp" 312
"../../../Engine/Content/MobileResources/HUD/MobileHUDDirectionPad3.uasset" 313
"../../../Engine/Content/MobileResources/HUD/MobileHUDDirectionPad3.uexp" 314
"../../../Engine/Content/MobileResources/HUD/MobileHUDDirectionStick.uasset" 315
"../../../Engine/Content/MobileResources/HUD/MobileHUDDirectionStick.uexp" 316
"../../../Engine/Content/MobileResources/HUD/T_Castle_ThumbstickInner.uasset" 317
"../../../Engine/Content/MobileResources/HUD/T_Castle_ThumbstickInner.uexp" 318
"../../../Engine/Content/MobileResources/HUD/T_Castle_ThumbstickOutter.uasset" 319
"../../../Engine/Content/MobileResources/HUD/T_Castle_ThumbstickOutter.uexp" 320
"../../../Engine/Content/Tutorial/ContentIntroCurve.uasset" 321
"../../../Engine/Content/Tutorial/ContentIntroCurve.uexp" 322
"../../../Engine/Content/VREditor/TransformGizmo/TranslucentTransformGizmoMaterial.uasset" 323
"../../../Engine/Content/VREditor/TransformGizmo/TranslucentTransformGizmoMaterial.uexp" 324
"../../../Engine/Content/VREditor/LaserPointer/VR_LaserPower_01.uasset" 325
"../../../Engine/Content/VREditor/LaserPointer/VR_LaserPower_01.uexp" 326
"../../../Engine/Content/VREditor/LaserPointer/VR_LaserPower_01.ubulk" 327
"../../../Engine/Content/VREditor/TransformGizmo/TransformGizmoMaterial.uasset" 328
"../../../Engine/Content/VREditor/TransformGizmo/TransformGizmoMaterial.uexp" 329
"../../../Engine/Content/VREditor/TransformGizmo/BoundingBoxCorner.uasset" 330
"../../../Engine/Content/VREditor/TransformGizmo/BoundingBoxCorner.uexp" 331
"../../../Engine/Content/VREditor/TransformGizmo/BoundingBoxEdge.uasset" 332
"../../../Engine/Content/VREditor/TransformGizmo/BoundingBoxEdge.uexp" 333
"../../../Engine/Content/VREditor/TransformGizmo/PlaneTranslationHandle.uasset" 334
"../../../Engine/Content/VREditor/TransformGizmo/PlaneTranslationHandle.uexp" 335
"../../../Engine/Content/VREditor/TransformGizmo/Xray.uasset" 336
"../../../Engine/Content/VREditor/TransformGizmo/Xray.uexp" 337
"../../../Engine/Content/VREditor/TransformGizmo/Main.uasset" 338
"../../../Engine/Content/VREditor/TransformGizmo/Main.uexp" 339
"../../../Engine/Content/VREditor/TransformGizmo/SM_Sequencer_Key.uasset" 340
"../../../Engine/Content/VREditor/TransformGizmo/SM_Sequencer_Key.uexp" 341
"../../../Engine/Content/VREditor/TransformGizmo/SM_Sequencer_Node.uasset" 342
"../../../Engine/Content/VREditor/TransformGizmo/SM_Sequencer_Node.uexp" 343
"../../../Engine/Plugins/2D/Paper2D/Content/PlaceholderTextures/DummySpriteTexture.uasset" 344
"../../../Engine/Plugins/2D/Paper2D/Content/PlaceholderTextures/DummySpriteTexture.uexp" 345
"../../../Engine/Plugins/2D/Paper2D/Content/PlaceholderTextures/DummySpriteTexture.ubulk" 346
"../../../Engine/Plugins/2D/Paper2D/Content/DummySprite.uasset" 347
"../../../Engine/Plugins/2D/Paper2D/Content/DummySprite.uexp" 348
"../../../Engine/Plugins/2D/Paper2D/Content/DefaultPaperTerrainMaterial.uasset" 349
"../../../Engine/Plugins/2D/Paper2D/Content/DefaultPaperTerrainMaterial.uexp" 350
"../../../Engine/Plugins/2D/Paper2D/Content/DefaultSpriteMaterial.uasset" 351
"../../../Engine/Plugins/2D/Paper2D/Content/DefaultSpriteMaterial.uexp" 352
"../../../Engine/Plugins/2D/Paper2D/Content/MaskedUnlitSpriteMaterial.uasset" 353
"../../../Engine/Plugins/2D/Paper2D/Content/MaskedUnlitSpriteMaterial.uexp" 354
"../../../Engine/Plugins/2D/Paper2D/Content/OpaqueUnlitSpriteMaterial.uasset" 355
"../../../Engine/Plugins/2D/Paper2D/Content/OpaqueUnlitSpriteMaterial.uexp" 356
"../../../Engine/Content/Functions/Engine_MaterialFunctions02/ObjectLocalBounds.uasset" 357
"../../../Engine/Content/Functions/Engine_MaterialFunctions02/ObjectLocalBounds.uexp" 358
"../../../Engine/Content/Functions/Engine_MaterialFunctions02/Utility/VectorLength.uasset" 359
"../../../Engine/Content/Functions/Engine_MaterialFunctions02/Utility/VectorLength.uexp" 360
"../../../Engine/Content/Functions/Engine_MaterialFunctions02/WorldPositionOffset/ObjectScale.uasset" 361
"../../../Engine/Content/Functions/Engine_MaterialFunctions02/WorldPositionOffset/ObjectScale.uexp" 362
"../../../Engine/Content/Functions/Engine_MaterialFunctions02/Utility/BreakOutFloat3Components.uasset" 363
"../../../Engine/Content/Functions/Engine_MaterialFunctions02/Utility/BreakOutFloat3Components.uexp" 364
"../../../Engine/Plugins/Editor/SpeedTreeImporter/Content/SpeedTree9/UnpackInteger3.uasset" 365
"../../../Engine/Plugins/Editor/SpeedTreeImporter/Content/SpeedTree9/UnpackInteger3.uexp" 366
"../../../Engine/Plugins/Editor/SpeedTreeImporter/Content/SpeedTree9/UnpackDirection.uasset" 367
"../../../Engine/Plugins/Editor/SpeedTreeImporter/Content/SpeedTree9/UnpackDirection.uexp" 368
"../../../Engine/Plugins/Editor/SpeedTreeImporter/Content/SpeedTree9/game_wind_noise.uasset" 369
"../../../Engine/Plugins/Editor/SpeedTreeImporter/Content/SpeedTree9/game_wind_noise.uexp" 370
"../../../Engine/Plugins/Editor/SpeedTreeImporter/Content/SpeedTree9/game_wind_noise.ubulk" 371
"../../../Engine/Content/Functions/Engine_MaterialFunctions02/SafeNormalize.uasset" 372
"../../../Engine/Content/Functions/Engine_MaterialFunctions02/SafeNormalize.uexp" 373
"../../../Engine/Plugins/Editor/SpeedTreeImporter/Content/SpeedTree9/SpeedTreeWindMotion.uasset" 374
"../../../Engine/Plugins/Editor/SpeedTreeImporter/Content/SpeedTree9/SpeedTreeWindMotion.uexp" 375
"../../../Engine/Plugins/Editor/SpeedTreeImporter/Content/SpeedTree9/SpeedTreeBranchMotion.uasset" 376
"../../../Engine/Plugins/Editor/SpeedTreeImporter/Content/SpeedTree9/SpeedTreeBranchMotion.uexp" 377
"../../../Engine/Content/Functions/Engine_MaterialFunctions02/UVs/BoundingBoxBased_0-1_UVW.uasset" 378
"../../../Engine/Content/Functions/Engine_MaterialFunctions02/UVs/BoundingBoxBased_0-1_UVW.uexp" 379
"../../../Engine/Plugins/Editor/SpeedTreeImporter/Content/SpeedTree9/SpeedTreeWind.uasset" 380
"../../../Engine/Plugins/Editor/SpeedTreeImporter/Content/SpeedTree9/SpeedTreeWind.uexp" 381
"../../../Engine/Plugins/Editor/SpeedTreeImporter/Content/SpeedTree9/SpeedTreeBillboard.uasset" 382
"../../../Engine/Plugins/Editor/SpeedTreeImporter/Content/SpeedTree9/SpeedTreeBillboard.uexp" 383
"../../../Engine/Plugins/Editor/SpeedTreeImporter/Content/SpeedTree9/EmptyNormal.uasset" 384
"../../../Engine/Plugins/Editor/SpeedTreeImporter/Content/SpeedTree9/EmptyNormal.uexp" 385
"../../../Engine/Plugins/Editor/SpeedTreeImporter/Content/SpeedTree9/Empty.uasset" 386
"../../../Engine/Plugins/Editor/SpeedTreeImporter/Content/SpeedTree9/Empty.uexp" 387
"../../../Engine/Plugins/Editor/SpeedTreeImporter/Content/SpeedTree9/SpeedTreeBillboardMaster.uasset" 388
"../../../Engine/Plugins/Editor/SpeedTreeImporter/Content/SpeedTree9/SpeedTreeBillboardMaster.uexp" 389
"../../../Engine/Plugins/Editor/SpeedTreeImporter/Content/SpeedTree9/SpeedTreeCameraFacing.uasset" 390
"../../../Engine/Plugins/Editor/SpeedTreeImporter/Content/SpeedTree9/SpeedTreeCameraFacing.uexp" 391
"../../../Engine/Plugins/Editor/SpeedTreeImporter/Content/SpeedTree9/SpeedTreeMaster.uasset" 392
"../../../Engine/Plugins/Editor/SpeedTreeImporter/Content/SpeedTree9/SpeedTreeMaster.uexp" 393
"../../../Engine/Content/ArtTools/RenderToTexture/Materials/Debug/M_Emissive_Color.uasset" 394
"../../../Engine/Content/ArtTools/RenderToTexture/Materials/Debug/M_Emissive_Color.uexp" 395
"../../../Engine/Content/BasicShapes/Cylinder.uasset" 396
"../../../Engine/Content/BasicShapes/Cylinder.uexp" 397
"../../../Engine/Plugins/Lumin/MagicLeapPassableWorld/Content/MagicLeapARPinInfoActor.uasset" 398
"../../../Engine/Plugins/Lumin/MagicLeapPassableWorld/Content/MagicLeapARPinInfoActor.uexp" 399
"../../../Engine/Plugins/Runtime/OpenXR/Content/Devices/GoogleDaydream/MRTexture.uasset" 400
"../../../Engine/Plugins/Runtime/OpenXR/Content/Devices/GoogleDaydream/MRTexture.uexp" 401
"../../../Engine/Plugins/Runtime/OpenXR/Content/Devices/GoogleDaydream/MRTexture.ubulk" 402
"../../../Engine/Plugins/Runtime/OpenXR/Content/Devices/GoogleDaydream/BaseTexture.uasset" 403
"../../../Engine/Plugins/Runtime/OpenXR/Content/Devices/GoogleDaydream/BaseTexture.uexp" 404
"../../../Engine/Plugins/Runtime/OpenXR/Content/Devices/GoogleDaydream/BaseTexture.ubulk" 405
"../../../Engine/Content/EngineResources/Black.uasset" 406
"../../../Engine/Content/EngineResources/Black.uexp" 407
"../../../Engine/Plugins/Runtime/OpenXR/Content/Devices/M_XRController.uasset" 408
"../../../Engine/Plugins/Runtime/OpenXR/Content/Devices/M_XRController.uexp" 409
"../../../Engine/Plugins/Runtime/OpenXR/Content/Devices/GoogleDaydream/MI_GoogleDaydream.uasset" 410
"../../../Engine/Plugins/Runtime/OpenXR/Content/Devices/GoogleDaydream/MI_GoogleDaydream.uexp" 411
"../../../Engine/Plugins/Runtime/OpenXR/Content/Devices/GoogleDaydream/GoogleDaydreamController.uasset" 412
"../../../Engine/Plugins/Runtime/OpenXR/Content/Devices/GoogleDaydream/GoogleDaydreamController.uexp" 413
"../../../Engine/Plugins/Runtime/OpenXR/Content/Devices/HTCVive/BaseTexture.uasset" 414
"../../../Engine/Plugins/Runtime/OpenXR/Content/Devices/HTCVive/BaseTexture.uexp" 415
"../../../Engine/Plugins/Runtime/OpenXR/Content/Devices/HTCVive/BaseTexture.ubulk" 416
"../../../Engine/Plugins/Runtime/OpenXR/Content/Devices/HTCVive/MI_HTCVive.uasset" 417
"../../../Engine/Plugins/Runtime/OpenXR/Content/Devices/HTCVive/MI_HTCVive.uexp" 418
"../../../Engine/Plugins/Runtime/OpenXR/Content/Devices/HTCVive/HTCViveController.uasset" 419
"../../../Engine/Plugins/Runtime/OpenXR/Content/Devices/HTCVive/HTCViveController.uexp" 420
"../../../Engine/Plugins/Runtime/OpenXR/Content/Devices/MicrosoftMixedReality/NormalTexture.uasset" 421
"../../../Engine/Plugins/Runtime/OpenXR/Content/Devices/MicrosoftMixedReality/NormalTexture.uexp" 422
"../../../Engine/Plugins/Runtime/OpenXR/Content/Devices/MicrosoftMixedReality/NormalTexture.ubulk" 423
"../../../Engine/Plugins/Runtime/OpenXR/Content/Devices/MicrosoftMixedReality/MRTexture.uasset" 424
"../../../Engine/Plugins/Runtime/OpenXR/Content/Devices/MicrosoftMixedReality/MRTexture.uexp" 425
"../../../Engine/Plugins/Runtime/OpenXR/Content/Devices/MicrosoftMixedReality/MRTexture.ubulk" 426
"../../../Engine/Plugins/Runtime/OpenXR/Content/Devices/MicrosoftMixedReality/EmissiveTexture.uasset" 427
"../../../Engine/Plugins/Runtime/OpenXR/Content/Devices/MicrosoftMixedReality/EmissiveTexture.uexp" 428
"../../../Engine/Plugins/Runtime/OpenXR/Content/Devices/MicrosoftMixedReality/EmissiveTexture.ubulk" 429
"../../../Engine/Plugins/Runtime/OpenXR/Content/Devices/MicrosoftMixedReality/BaseTexture.uasset" 430
"../../../Engine/Plugins/Runtime/OpenXR/Content/Devices/MicrosoftMixedReality/BaseTexture.uexp" 431
"../../../Engine/Plugins/Runtime/OpenXR/Content/Devices/MicrosoftMixedReality/BaseTexture.ubulk" 432
"../../../Engine/Plugins/Runtime/OpenXR/Content/Devices/MicrosoftMixedReality/MI_MicrosoftMixedReality.uasset" 433
"../../../Engine/Plugins/Runtime/OpenXR/Content/Devices/MicrosoftMixedReality/MI_MicrosoftMixedReality.uexp" 434
"../../../Engine/Plugins/Runtime/OpenXR/Content/Devices/MicrosoftMixedReality/Left/left_MicrosoftMixedRealityController.uasset" 435
"../../../Engine/Plugins/Runtime/OpenXR/Content/Devices/MicrosoftMixedReality/Left/left_MicrosoftMixedRealityController.uexp" 436
"../../../Engine/Plugins/Runtime/OpenXR/Content/Devices/MicrosoftMixedReality/Right/right_MicrosoftMixedRealityController.uasset" 437
"../../../Engine/Plugins/Runtime/OpenXR/Content/Devices/MicrosoftMixedReality/Right/right_MicrosoftMixedRealityController.uexp" 438
"../../../Engine/Plugins/Runtime/OpenXR/Content/Devices/OculusGo/BaseTexture.uasset" 439
"../../../Engine/Plugins/Runtime/OpenXR/Content/Devices/OculusGo/BaseTexture.uexp" 440
"../../../Engine/Plugins/Runtime/OpenXR/Content/Devices/OculusGo/BaseTexture.ubulk" 441
"../../../Engine/Plugins/Runtime/OpenXR/Content/Devices/OculusGo/MI_OculusGo.uasset" 442
"../../../Engine/Plugins/Runtime/OpenXR/Content/Devices/OculusGo/MI_OculusGo.uexp" 443
"../../../Engine/Plugins/Runtime/OpenXR/Content/Devices/OculusGo/OculusGoController.uasset" 444
"../../../Engine/Plugins/Runtime/OpenXR/Content/Devices/OculusGo/OculusGoController.uexp" 445
"../../../Engine/Plugins/Runtime/OpenXR/Content/Devices/OculusTouch/MRTexture.uasset" 446
"../../../Engine/Plugins/Runtime/OpenXR/Content/Devices/OculusTouch/MRTexture.uexp" 447
"../../../Engine/Plugins/Runtime/OpenXR/Content/Devices/OculusTouch/MRTexture.ubulk" 448
"../../../Engine/Plugins/Runtime/OpenXR/Content/Devices/OculusTouch/BaseTexture.uasset" 449
"../../../Engine/Plugins/Runtime/OpenXR/Content/Devices/OculusTouch/BaseTexture.uexp" 450
"../../../Engine/Plugins/Runtime/OpenXR/Content/Devices/OculusTouch/BaseTexture.ubulk" 451
"../../../Engine/Plugins/Runtime/OpenXR/Content/Devices/OculusTouch/MI_OculusTouch.uasset" 452
"../../../Engine/Plugins/Runtime/OpenXR/Content/Devices/OculusTouch/MI_OculusTouch.uexp" 453
"../../../Engine/Plugins/Runtime/OpenXR/Content/Devices/OculusTouch/Left/left_OculusTouchController.uasset" 454
"../../../Engine/Plugins/Runtime/OpenXR/Content/Devices/OculusTouch/Left/left_OculusTouchController.uexp" 455
"../../../Engine/Plugins/Runtime/OpenXR/Content/Devices/OculusTouch/Right/right_OculusTouchController.uasset" 456
"../../../Engine/Plugins/Runtime/OpenXR/Content/Devices/OculusTouch/Right/right_OculusTouchController.uexp" 457
"../../../Engine/Plugins/Runtime/OpenXR/Content/Devices/OculusTouch_v2/MRTexture.uasset" 458
"../../../Engine/Plugins/Runtime/OpenXR/Content/Devices/OculusTouch_v2/MRTexture.uexp" 459
"../../../Engine/Plugins/Runtime/OpenXR/Content/Devices/OculusTouch_v2/MRTexture.ubulk" 460
"../../../Engine/Plugins/Runtime/OpenXR/Content/Devices/OculusTouch_v2/BaseTexture.uasset" 461
"../../../Engine/Plugins/Runtime/OpenXR/Content/Devices/OculusTouch_v2/BaseTexture.uexp" 462
"../../../Engine/Plugins/Runtime/OpenXR/Content/Devices/OculusTouch_v2/BaseTexture.ubulk" 463
"../../../Engine/Plugins/Runtime/OpenXR/Content/Devices/OculusTouch_v2/MI_OculusTouch_v2.uasset" 464
"../../../Engine/Plugins/Runtime/OpenXR/Content/Devices/OculusTouch_v2/MI_OculusTouch_v2.uexp" 465
"../../../Engine/Plugins/Runtime/OpenXR/Content/Devices/OculusTouch_v2/Left/left_OculusTouch_v2Controller.uasset" 466
"../../../Engine/Plugins/Runtime/OpenXR/Content/Devices/OculusTouch_v2/Left/left_OculusTouch_v2Controller.uexp" 467
"../../../Engine/Plugins/Runtime/OpenXR/Content/Devices/OculusTouch_v2/Right/right_OculusTouch_v2Controller.uasset" 468
"../../../Engine/Plugins/Runtime/OpenXR/Content/Devices/OculusTouch_v2/Right/right_OculusTouch_v2Controller.uexp" 469
"../../../Engine/Plugins/Runtime/OpenXR/Content/Devices/OculusTouch_v3/MRTexture.uasset" 470
"../../../Engine/Plugins/Runtime/OpenXR/Content/Devices/OculusTouch_v3/MRTexture.uexp" 471
"../../../Engine/Plugins/Runtime/OpenXR/Content/Devices/OculusTouch_v3/MRTexture.ubulk" 472
"../../../Engine/Plugins/Runtime/OpenXR/Content/Devices/OculusTouch_v3/BaseTexture.uasset" 473
"../../../Engine/Plugins/Runtime/OpenXR/Content/Devices/OculusTouch_v3/BaseTexture.uexp" 474
"../../../Engine/Plugins/Runtime/OpenXR/Content/Devices/OculusTouch_v3/BaseTexture.ubulk" 475
"../../../Engine/Plugins/Runtime/OpenXR/Content/Devices/OculusTouch_v3/MI_OculusTouch_v3.uasset" 476
"../../../Engine/Plugins/Runtime/OpenXR/Content/Devices/OculusTouch_v3/MI_OculusTouch_v3.uexp" 477
"../../../Engine/Plugins/Runtime/OpenXR/Content/Devices/OculusTouch_v3/Left/left_OculusTouch_v3Controller.uasset" 478
"../../../Engine/Plugins/Runtime/OpenXR/Content/Devices/OculusTouch_v3/Left/left_OculusTouch_v3Controller.uexp" 479
"../../../Engine/Plugins/Runtime/OpenXR/Content/Devices/OculusTouch_v3/Right/right_OculusTouch_v3Controller.uasset" 480
"../../../Engine/Plugins/Runtime/OpenXR/Content/Devices/OculusTouch_v3/Right/right_OculusTouch_v3Controller.uexp" 481
"../../../Engine/Plugins/Runtime/OpenXR/Content/Devices/ValveIndex/MRTexture.uasset" 482
"../../../Engine/Plugins/Runtime/OpenXR/Content/Devices/ValveIndex/MRTexture.uexp" 483
"../../../Engine/Plugins/Runtime/OpenXR/Content/Devices/ValveIndex/MRTexture.ubulk" 484
"../../../Engine/Plugins/Runtime/OpenXR/Content/Devices/ValveIndex/BaseTexture.uasset" 485
"../../../Engine/Plugins/Runtime/OpenXR/Content/Devices/ValveIndex/BaseTexture.uexp" 486
"../../../Engine/Plugins/Runtime/OpenXR/Content/Devices/ValveIndex/BaseTexture.ubulk" 487
"../../../Engine/Plugins/Runtime/OpenXR/Content/Devices/ValveIndex/Left/MI_left_ValveIndex.uasset" 488
"../../../Engine/Plugins/Runtime/OpenXR/Content/Devices/ValveIndex/Left/MI_left_ValveIndex.uexp" 489
"../../../Engine/Plugins/Runtime/OpenXR/Content/Devices/ValveIndex/Left/left_ValveIndexController.uasset" 490
"../../../Engine/Plugins/Runtime/OpenXR/Content/Devices/ValveIndex/Left/left_ValveIndexController.uexp" 491
"../../../Engine/Plugins/Runtime/OpenXR/Content/Devices/ValveIndex/Right/MI_right_ValveIndex.uasset" 492
"../../../Engine/Plugins/Runtime/OpenXR/Content/Devices/ValveIndex/Right/MI_right_ValveIndex.uexp" 493
"../../../Engine/Plugins/Runtime/OpenXR/Content/Devices/ValveIndex/Right/right_ValveIndexController.uasset" 494
"../../../Engine/Plugins/Runtime/OpenXR/Content/Devices/ValveIndex/Right/right_ValveIndexController.uexp" 495
"../../../Engine/Content/Functions/Engine_MaterialFunctions02/Utility/MakeFloat3.uasset" 496
"../../../Engine/Content/Functions/Engine_MaterialFunctions02/Utility/MakeFloat3.uexp" 497
"../../../Engine/Content/Functions/Engine_MaterialFunctions02/Utility/BreakOutFloat4Components.uasset" 498
"../../../Engine/Content/Functions/Engine_MaterialFunctions02/Utility/BreakOutFloat4Components.uexp" 499
"../../../Engine/Plugins/Runtime/Oculus/OculusVR/Content/Materials/OculusMR_ChromaKey.uasset" 500
"../../../Engine/Plugins/Runtime/Oculus/OculusVR/Content/Materials/OculusMR_ChromaKey.uexp" 501
"../../../Engine/Plugins/Runtime/Oculus/OculusVR/Content/Materials/OculusMR_OpaqueColoredMaterial.uasset" 502
"../../../Engine/Plugins/Runtime/Oculus/OculusVR/Content/Materials/OculusMR_OpaqueColoredMaterial.uexp" 503
"../../../Engine/Plugins/Runtime/Oculus/OculusVR/Content/Materials/PokeAHoleMaterial.uasset" 504
"../../../Engine/Plugins/Runtime/Oculus/OculusVR/Content/Materials/PokeAHoleMaterial.uexp" 505
"../../../Engine/Plugins/Runtime/Oculus/OculusVR/Content/Textures/touchController_controlmap.uasset" 506
"../../../Engine/Plugins/Runtime/Oculus/OculusVR/Content/Textures/touchController_controlmap.uexp" 507
"../../../Engine/Plugins/Runtime/Oculus/OculusVR/Content/Textures/touchController_controlmap.ubulk" 508
"../../../Engine/Plugins/Runtime/Oculus/OculusVR/Content/Textures/touchController_albedo.uasset" 509
"../../../Engine/Plugins/Runtime/Oculus/OculusVR/Content/Textures/touchController_albedo.uexp" 510
"../../../Engine/Plugins/Runtime/Oculus/OculusVR/Content/Textures/touchController_albedo.ubulk" 511
"../../../Engine/Plugins/Runtime/Oculus/OculusVR/Content/Materials/touchController_mat.uasset" 512
"../../../Engine/Plugins/Runtime/Oculus/OculusVR/Content/Materials/touchController_mat.uexp" 513
"../../../Engine/Plugins/Runtime/Oculus/OculusVR/Content/Meshes/LeftTouchController.uasset" 514
"../../../Engine/Plugins/Runtime/Oculus/OculusVR/Content/Meshes/LeftTouchController.uexp" 515
"../../../Engine/Plugins/Runtime/Oculus/OculusVR/Content/Textures/TouchForQuestRiftSController_albedo.uasset" 516
"../../../Engine/Plugins/Runtime/Oculus/OculusVR/Content/Textures/TouchForQuestRiftSController_albedo.uexp" 517
"../../../Engine/Plugins/Runtime/Oculus/OculusVR/Content/Textures/TouchForQuestRiftSController_albedo.ubulk" 518
"../../../Engine/Plugins/Runtime/Oculus/OculusVR/Content/Materials/TouchForQuestRiftSControllerMaterial.uasset" 519
"../../../Engine/Plugins/Runtime/Oculus/OculusVR/Content/Materials/TouchForQuestRiftSControllerMaterial.uexp" 520
"../../../Engine/Plugins/Runtime/Oculus/OculusVR/Content/Meshes/LeftTouchForQuestRiftSController.uasset" 521
"../../../Engine/Plugins/Runtime/Oculus/OculusVR/Content/Meshes/LeftTouchForQuestRiftSController.uexp" 522
"../../../Engine/Plugins/Runtime/Oculus/OculusVR/Content/Meshes/RiftHMD.uasset" 523
"../../../Engine/Plugins/Runtime/Oculus/OculusVR/Content/Meshes/RiftHMD.uexp" 524
"../../../Engine/Plugins/Runtime/Oculus/OculusVR/Content/Meshes/RightTouchController.uasset" 525
"../../../Engine/Plugins/Runtime/Oculus/OculusVR/Content/Meshes/RightTouchController.uexp" 526
"../../../Engine/Plugins/Runtime/Oculus/OculusVR/Content/Meshes/RightTouchForQuestRiftSController.uasset" 527
"../../../Engine/Plugins/Runtime/Oculus/OculusVR/Content/Meshes/RightTouchForQuestRiftSController.uexp" 528
"D:/WIRE 4.27/Content/VisualEffects/Bloom/Bloom.uasset" 529
"D:/WIRE 4.27/Content/VisualEffects/Bloom/Bloom.uexp" 530
"D:/WIRE 4.27/Content/VisualEffects/Bloom/Bloom.ubulk" 531
"../../../Engine/Content/EngineMaterials/BlendFunc_DefBlend.uasset" 532
"../../../Engine/Content/EngineMaterials/BlendFunc_DefBlend.uexp" 533
"../../../Engine/Content/EngineMaterials/BlendFunc_DefBase.uasset" 534
"../../../Engine/Content/EngineMaterials/BlendFunc_DefBase.uexp" 535
"../../../Engine/Content/Functions/Engine_MaterialFunctions03/Blends/Blend_Overlay.uasset" 536
"../../../Engine/Content/Functions/Engine_MaterialFunctions03/Blends/Blend_Overlay.uexp" 537
"D:/WIRE 4.27/Content/VisualEffects/Bloom/Bloom_Mat.uasset" 538
"D:/WIRE 4.27/Content/VisualEffects/Bloom/Bloom_Mat.uexp" 539
"D:/WIRE 4.27/Content/VisualEffects/Bloom/BloomLight.uasset" 540
"D:/WIRE 4.27/Content/VisualEffects/Bloom/BloomLight.uexp" 541
"D:/WIRE 4.27/Content/Blueprints/Actors/Camera/CameraSpline.uasset" 542
"D:/WIRE 4.27/Content/Blueprints/Actors/Camera/CameraSpline.uexp" 543
"D:/WIRE 4.27/Content/Blueprints/Actors/Camera/CameraSplineRail.uasset" 544
"D:/WIRE 4.27/Content/Blueprints/Actors/Camera/CameraSplineRail.uexp" 545
"D:/WIRE 4.27/Content/VisualEffects/FogCards/1/10092.uasset" 546
"D:/WIRE 4.27/Content/VisualEffects/FogCards/1/10092.uexp" 547
"D:/WIRE 4.27/Content/VisualEffects/FogCards/1/10092.ubulk" 548
"D:/WIRE 4.27/Content/VisualEffects/FogCards/radialgradient.uasset" 549
"D:/WIRE 4.27/Content/VisualEffects/FogCards/radialgradient.uexp" 550
"D:/WIRE 4.27/Content/VisualEffects/FogCards/radialgradient.ubulk" 551
"D:/WIRE 4.27/Content/VisualEffects/FogCards/1/FogCard1_M.uasset" 552
"D:/WIRE 4.27/Content/VisualEffects/FogCards/1/FogCard1_M.uexp" 553
"D:/WIRE 4.27/Content/VisualEffects/FogCards/1/FogCard1_M_Inst.uasset" 554
"D:/WIRE 4.27/Content/VisualEffects/FogCards/1/FogCard1_M_Inst.uexp" 555
"D:/WIRE 4.27/Content/VisualEffects/FogCards/FogCard.uasset" 556
"D:/WIRE 4.27/Content/VisualEffects/FogCards/FogCard.uexp" 557
"D:/WIRE 4.27/Content/Audio/Ambience/NoiseAmbience.uasset" 558
"D:/WIRE 4.27/Content/Audio/Ambience/NoiseAmbience.uexp" 559
"D:/WIRE 4.27/Content/Models/Character/Emily/SweaterEmily_Skeleton.uasset" 560
"D:/WIRE 4.27/Content/Models/Character/Emily/SweaterEmily_Skeleton.uexp" 561
"../../../Engine/Content/Animation/DefaultAnimCurveCompressionSettings.uasset" 562
"../../../Engine/Content/Animation/DefaultAnimCurveCompressionSettings.uexp" 563
"../../../Engine/Content/Animation/DefaultAnimBoneCompressionSettings.uasset" 564
"../../../Engine/Content/Animation/DefaultAnimBoneCompressionSettings.uexp" 565
"D:/WIRE 4.27/Content/Models/Character/Emily/Animations/360_turn-fix.uasset" 566
"D:/WIRE 4.27/Content/Models/Character/Emily/Animations/360_turn-fix.uexp" 567
"D:/WIRE 4.27/Content/Audio/FX/Footsteps/Stone/1.uasset" 568
"D:/WIRE 4.27/Content/Audio/FX/Footsteps/Stone/1.uexp" 569
"D:/WIRE 4.27/Content/Audio/FX/Footsteps/Stone/3.uasset" 570
"D:/WIRE 4.27/Content/Audio/FX/Footsteps/Stone/3.uexp" 571
"D:/WIRE 4.27/Content/Audio/FX/Footsteps/Stone/2.uasset" 572
"D:/WIRE 4.27/Content/Audio/FX/Footsteps/Stone/2.uexp" 573
"D:/WIRE 4.27/Content/Audio/FX/Footsteps/Stone/4.uasset" 574
"D:/WIRE 4.27/Content/Audio/FX/Footsteps/Stone/4.uexp" 575
"D:/WIRE 4.27/Content/Audio/FX/Footsteps/Stone/TEST_BASIC_CUE.uasset" 576
"D:/WIRE 4.27/Content/Audio/FX/Footsteps/Stone/TEST_BASIC_CUE.uexp" 577
"../../../Engine/Content/EditorBlueprintResources/StandardMacros.uasset" 578
"../../../Engine/Content/EditorBlueprintResources/StandardMacros.uexp" 579
"D:/WIRE 4.27/Content/Models/Character/Emily/Animations/EmilySweaterWalkNeutral.uasset" 580
"D:/WIRE 4.27/Content/Models/Character/Emily/Animations/EmilySweaterWalkNeutral.uexp" 581
"D:/WIRE 4.27/Content/Models/Character/Emily/Animations/EmilySweaterIdle.uasset" 582
"D:/WIRE 4.27/Content/Models/Character/Emily/Animations/EmilySweaterIdle.uexp" 583
"D:/WIRE 4.27/Content/Models/Character/Emily/Animations/EmilySweaterBlend.uasset" 584
"D:/WIRE 4.27/Content/Models/Character/Emily/Animations/EmilySweaterBlend.uexp" 585
"D:/WIRE 4.27/Content/Models/Character/Emily/Animations/EmilySweaterStretchIdle.uasset" 586
"D:/WIRE 4.27/Content/Models/Character/Emily/Animations/EmilySweaterStretchIdle.uexp" 587
"D:/WIRE 4.27/Content/Models/Character/Emily/Animations/EmilyStretchBlend.uasset" 588
"D:/WIRE 4.27/Content/Models/Character/Emily/Animations/EmilyStretchBlend.uexp" 589
"D:/WIRE 4.27/Content/Models/Character/Emily/SweaterEmily_PhysicsAsset.uasset" 590
"D:/WIRE 4.27/Content/Models/Character/Emily/SweaterEmily_PhysicsAsset.uexp" 591
"D:/WIRE 4.27/Content/Models/Character/Emily/Textures/T_EmilyTeeth.uasset" 592
"D:/WIRE 4.27/Content/Models/Character/Emily/Textures/T_EmilyTeeth.uexp" 593
"D:/WIRE 4.27/Content/Models/Character/Emily/Textures/T_EmilyTeeth.ubulk" 594
"D:/WIRE 4.27/Content/Models/Character/Emily/Materials/Teeth.uasset" 595
"D:/WIRE 4.27/Content/Models/Character/Emily/Materials/Teeth.uexp" 596
"D:/WIRE 4.27/Content/Models/Character/Emily/Textures/T_EmilyEyes.uasset" 597
"D:/WIRE 4.27/Content/Models/Character/Emily/Textures/T_EmilyEyes.uexp" 598
"D:/WIRE 4.27/Content/Models/Character/Emily/Textures/T_EmilyEyes.ubulk" 599
"D:/WIRE 4.27/Content/Models/Character/Emily/Materials/Eyes.uasset" 600
"D:/WIRE 4.27/Content/Models/Character/Emily/Materials/Eyes.uexp" 601
"D:/WIRE 4.27/Content/Models/Character/Emily/Textures/T_EmilyHair.uasset" 602
"D:/WIRE 4.27/Content/Models/Character/Emily/Textures/T_EmilyHair.uexp" 603
"D:/WIRE 4.27/Content/Models/Character/Emily/Textures/T_EmilyHair.ubulk" 604
"D:/WIRE 4.27/Content/Models/Character/Emily/Materials/EmilyHair.uasset" 605
"D:/WIRE 4.27/Content/Models/Character/Emily/Materials/EmilyHair.uexp" 606
"D:/WIRE 4.27/Content/Models/Character/Emily/Textures/T_EmilyClothes_Sweater.uasset" 607
"D:/WIRE 4.27/Content/Models/Character/Emily/Textures/T_EmilyClothes_Sweater.uexp" 608
"D:/WIRE 4.27/Content/Models/Character/Emily/Textures/T_EmilyClothes_Sweater.ubulk" 609
"D:/WIRE 4.27/Content/Models/Character/Emily/Materials/emilyClothesOld.uasset" 610
"D:/WIRE 4.27/Content/Models/Character/Emily/Materials/emilyClothesOld.uexp" 611
"D:/WIRE 4.27/Content/Models/Character/Emily/Textures/T_EmilyClothes_Top.uasset" 612
"D:/WIRE 4.27/Content/Models/Character/Emily/Textures/T_EmilyClothes_Top.uexp" 613
"D:/WIRE 4.27/Content/Models/Character/Emily/Textures/T_EmilyClothes_Top.ubulk" 614
"D:/WIRE 4.27/Content/Models/Character/Emily/Materials/emilyClothes.uasset" 615
"D:/WIRE 4.27/Content/Models/Character/Emily/Materials/emilyClothes.uexp" 616
"D:/WIRE 4.27/Content/Models/Character/Emily/Textures/T_EmilyBodyOld.uasset" 617
"D:/WIRE 4.27/Content/Models/Character/Emily/Textures/T_EmilyBodyOld.uexp" 618
"D:/WIRE 4.27/Content/Models/Character/Emily/Textures/T_EmilyBodyOld.ubulk" 619
"D:/WIRE 4.27/Content/Models/Character/Emily/Materials/emilyBodyOld.uasset" 620
"D:/WIRE 4.27/Content/Models/Character/Emily/Materials/emilyBodyOld.uexp" 621
"D:/WIRE 4.27/Content/Models/Character/Emily/Textures/T_EmilyBody2.uasset" 622
"D:/WIRE 4.27/Content/Models/Character/Emily/Textures/T_EmilyBody2.uexp" 623
"D:/WIRE 4.27/Content/Models/Character/Emily/Textures/T_EmilyBody2.ubulk" 624
"D:/WIRE 4.27/Content/Models/Character/Emily/Materials/emilyBody.uasset" 625
"D:/WIRE 4.27/Content/Models/Character/Emily/Materials/emilyBody.uexp" 626
"D:/WIRE 4.27/Content/Models/Character/Emily/SweaterEmily.uasset" 627
"D:/WIRE 4.27/Content/Models/Character/Emily/SweaterEmily.uexp" 628
"../../../Engine/Content/Functions/Engine_MaterialFunctions01/Density/ExponentialDensity.uasset" 629
"../../../Engine/Content/Functions/Engine_MaterialFunctions01/Density/ExponentialDensity.uexp" 630
"../../../Engine/Content/Functions/Engine_MaterialFunctions01/Gradient/RadialGradientExponential.uasset" 631
"../../../Engine/Content/Functions/Engine_MaterialFunctions01/Gradient/RadialGradientExponential.uexp" 632
"D:/WIRE 4.27/Content/VisualEffects/FakeShadow.uasset" 633
"D:/WIRE 4.27/Content/VisualEffects/FakeShadow.uexp" 634
"../../../Engine/Content/BasicShapes/Plane.uasset" 635
"../../../Engine/Content/BasicShapes/Plane.uexp" 636
"D:/WIRE 4.27/Content/PostProcess/Tonemapper.uasset" 637
"D:/WIRE 4.27/Content/PostProcess/Tonemapper.uexp" 638
"D:/WIRE 4.27/Content/Blueprints/PlayerController/EmilySweater.uasset" 639
"D:/WIRE 4.27/Content/Blueprints/PlayerController/EmilySweater.uexp" 640
"D:/WIRE 4.27/Content/Blueprints/Animation/EmilySweaterABP.uasset" 641
"D:/WIRE 4.27/Content/Blueprints/Animation/EmilySweaterABP.uexp" 642
"D:/WIRE 4.27/Content/Blueprints/Actors/Camera/CameraSplineDistance.uasset" 643
"D:/WIRE 4.27/Content/Blueprints/Actors/Camera/CameraSplineDistance.uexp" 644
"D:/WIRE 4.27/Content/Blueprints/Widgets/UITextures/Fonts/PalatinoLinotype.uasset" 645
"D:/WIRE 4.27/Content/Blueprints/Widgets/UITextures/Fonts/PalatinoLinotype.uexp" 646
"D:/WIRE 4.27/Content/Blueprints/Widgets/UITextures/Fonts/PalatinoLinotype.ufont" 647
"D:/WIRE 4.27/Content/Blueprints/Widgets/UITextures/Fonts/Palab.uasset" 648
"D:/WIRE 4.27/Content/Blueprints/Widgets/UITextures/Fonts/Palab.uexp" 649
"D:/WIRE 4.27/Content/Blueprints/Widgets/UITextures/Fonts/Palab.ufont" 650
"D:/WIRE 4.27/Content/Blueprints/Widgets/UITextures/Fonts/Pala.uasset" 651
"D:/WIRE 4.27/Content/Blueprints/Widgets/UITextures/Fonts/Pala.uexp" 652
"D:/WIRE 4.27/Content/Blueprints/Widgets/UITextures/Fonts/Pala.ufont" 653
"D:/WIRE 4.27/Content/Blueprints/Widgets/UITextures/Fonts/Palantino.uasset" 654
"D:/WIRE 4.27/Content/Blueprints/Widgets/UITextures/Fonts/Palantino.uexp" 655
"D:/WIRE 4.27/Content/Blueprints/Widgets/PauseMenu.uasset" 656
"D:/WIRE 4.27/Content/Blueprints/Widgets/PauseMenu.uexp" 657
"D:/WIRE 4.27/Content/Models/Level/EmilysHouse/HousePhase07_SM_Boxes.uasset" 658
"D:/WIRE 4.27/Content/Models/Level/EmilysHouse/HousePhase07_SM_Boxes.uexp" 659
"D:/WIRE 4.27/Content/Blueprints/PlayerController/SweaterTank.uasset" 660
"D:/WIRE 4.27/Content/Blueprints/PlayerController/SweaterTank.uexp" 661
"D:/WIRE 4.27/Content/Blueprints/GameModes/EmilyGamemode.uasset" 662
"D:/WIRE 4.27/Content/Blueprints/GameModes/EmilyGamemode.uexp" 663
"D:/WIRE 4.27/Content/Models/Character/Mannqeuin/MotherMannequin_Skeleton.uasset" 664
"D:/WIRE 4.27/Content/Models/Character/Mannqeuin/MotherMannequin_Skeleton.uexp" 665
"D:/WIRE 4.27/Content/Models/Character/Mannqeuin/Animations/Pose.uasset" 666
"D:/WIRE 4.27/Content/Models/Character/Mannqeuin/Animations/Pose.uexp" 667
"D:/WIRE 4.27/Content/Blueprints/Animation/MannequinABP.uasset" 668
"D:/WIRE 4.27/Content/Blueprints/Animation/MannequinABP.uexp" 669
"D:/WIRE 4.27/Content/Blueprints/Interfaces/Interactions_INT.uasset" 670
"D:/WIRE 4.27/Content/Blueprints/Interfaces/Interactions_INT.uexp" 671
"D:/WIRE 4.27/Content/Models/Character/Mannqeuin/Textures/rope___diffuse.uasset" 672
"D:/WIRE 4.27/Content/Models/Character/Mannqeuin/Textures/rope___diffuse.uexp" 673
"D:/WIRE 4.27/Content/Models/Character/Mannqeuin/Textures/rope___diffuse.ubulk" 674
"D:/WIRE 4.27/Content/Models/Character/Mannqeuin/Materials/Strings.uasset" 675
"D:/WIRE 4.27/Content/Models/Character/Mannqeuin/Materials/Strings.uexp" 676
"D:/WIRE 4.27/Content/Models/Character/Mannqeuin/Textures/T_motherHair.uasset" 677
"D:/WIRE 4.27/Content/Models/Character/Mannqeuin/Textures/T_motherHair.uexp" 678
"D:/WIRE 4.27/Content/Models/Character/Mannqeuin/Textures/T_motherHair.ubulk" 679
"D:/WIRE 4.27/Content/Models/Character/Mannqeuin/Textures/T_motherHair_Emmissive.uasset" 680
"D:/WIRE 4.27/Content/Models/Character/Mannqeuin/Textures/T_motherHair_Emmissive.uexp" 681
"D:/WIRE 4.27/Content/Models/Character/Mannqeuin/Textures/T_motherHair_Emmissive.ubulk" 682
"D:/WIRE 4.27/Content/Models/Character/Mannqeuin/Materials/T_motherHair_Mat.uasset" 683
"D:/WIRE 4.27/Content/Models/Character/Mannqeuin/Materials/T_motherHair_Mat.uexp" 684
"D:/WIRE 4.27/Content/Models/Character/Mannqeuin/Textures/T_motherFace.uasset" 685
"D:/WIRE 4.27/Content/Models/Character/Mannqeuin/Textures/T_motherFace.uexp" 686
"D:/WIRE 4.27/Content/Models/Character/Mannqeuin/Textures/T_motherFace.ubulk" 687
"D:/WIRE 4.27/Content/Models/Character/Mannqeuin/Materials/T_motherFace_Mat.uasset" 688
"D:/WIRE 4.27/Content/Models/Character/Mannqeuin/Materials/T_motherFace_Mat.uexp" 689
"D:/WIRE 4.27/Content/Models/Character/Mannqeuin/Textures/T_motherDoll.uasset" 690
"D:/WIRE 4.27/Content/Models/Character/Mannqeuin/Textures/T_motherDoll.uexp" 691
"D:/WIRE 4.27/Content/Models/Character/Mannqeuin/Textures/T_motherDoll.ubulk" 692
"D:/WIRE 4.27/Content/Models/Character/Mannqeuin/Materials/T_motherDoll_Mat.uasset" 693
"D:/WIRE 4.27/Content/Models/Character/Mannqeuin/Materials/T_motherDoll_Mat.uexp" 694
"D:/WIRE 4.27/Content/Models/Character/Mannqeuin/Textures/T_motherBody.uasset" 695
"D:/WIRE 4.27/Content/Models/Character/Mannqeuin/Textures/T_motherBody.uexp" 696
"D:/WIRE 4.27/Content/Models/Character/Mannqeuin/Textures/T_motherBody.ubulk" 697
"D:/WIRE 4.27/Content/Models/Character/Mannqeuin/Materials/T_mother_Worm_Mat.uasset" 698
"D:/WIRE 4.27/Content/Models/Character/Mannqeuin/Materials/T_mother_Worm_Mat.uexp" 699
"D:/WIRE 4.27/Content/Models/Character/Mannqeuin/MannequinMotherPhysics.uasset" 700
"D:/WIRE 4.27/Content/Models/Character/Mannqeuin/MannequinMotherPhysics.uexp" 701
"D:/WIRE 4.27/Content/Models/Character/Mannqeuin/MotherMannequin.uasset" 702
"D:/WIRE 4.27/Content/Models/Character/Mannqeuin/MotherMannequin.uexp" 703
"D:/WIRE 4.27/Content/Blueprints/NPCs/CharacterBPs/MannequinMaster.uasset" 704
"D:/WIRE 4.27/Content/Blueprints/NPCs/CharacterBPs/MannequinMaster.uexp" 705
"D:/WIRE 4.27/Content/Blueprints/Widgets/FadeObject.uasset" 706
"D:/WIRE 4.27/Content/Blueprints/Widgets/FadeObject.uexp" 707
"D:/WIRE 4.27/Content/Maps/LUTmaps/GreyFilter.uasset" 708
"D:/WIRE 4.27/Content/Maps/LUTmaps/GreyFilter.uexp" 709
"D:/WIRE 4.27/Content/Models/Level/TEST/Textures/ChainAlpha.uasset" 710
"D:/WIRE 4.27/Content/Models/Level/TEST/Textures/ChainAlpha.uexp" 711
"D:/WIRE 4.27/Content/Models/Level/TEST/Textures/ChainAlpha.ubulk" 712
"D:/WIRE 4.27/Content/Models/Level/TEST/Textures/Chain.uasset" 713
"D:/WIRE 4.27/Content/Models/Level/TEST/Textures/Chain.uexp" 714
"D:/WIRE 4.27/Content/Models/Level/TEST/Textures/Chain.ubulk" 715
"D:/WIRE 4.27/Content/Models/Level/TEST/Materials/Chain.uasset" 716
"D:/WIRE 4.27/Content/Models/Level/TEST/Materials/Chain.uexp" 717
"D:/WIRE 4.27/Content/Models/Level/TEST/TexturingFinal_Chain_006.uasset" 718
"D:/WIRE 4.27/Content/Models/Level/TEST/TexturingFinal_Chain_006.uexp" 719
"D:/WIRE 4.27/Content/Models/Level/TEST/TexturingFinal_Chain_005.uasset" 720
"D:/WIRE 4.27/Content/Models/Level/TEST/TexturingFinal_Chain_005.uexp" 721
"D:/WIRE 4.27/Content/Models/Level/TEST/TexturingFinal_Chain_004.uasset" 722
"D:/WIRE 4.27/Content/Models/Level/TEST/TexturingFinal_Chain_004.uexp" 723
"D:/WIRE 4.27/Content/Models/Level/TEST/TexturingFinal_Chain_003.uasset" 724
"D:/WIRE 4.27/Content/Models/Level/TEST/TexturingFinal_Chain_003.uexp" 725
"D:/WIRE 4.27/Content/Models/Level/TEST/TexturingFinal_Chain_002.uasset" 726
"D:/WIRE 4.27/Content/Models/Level/TEST/TexturingFinal_Chain_002.uexp" 727
"D:/WIRE 4.27/Content/Models/Level/TEST/TexturingFinal_Chain_001.uasset" 728
"D:/WIRE 4.27/Content/Models/Level/TEST/TexturingFinal_Chain_001.uexp" 729
"D:/WIRE 4.27/Content/Models/Level/TEST/Textures/SM_Large_Cage_Base.uasset" 730
"D:/WIRE 4.27/Content/Models/Level/TEST/Textures/SM_Large_Cage_Base.uexp" 731
"D:/WIRE 4.27/Content/Models/Level/TEST/Textures/SM_Large_Cage_Base.ubulk" 732
"D:/WIRE 4.27/Content/Models/Level/TEST/Materials/Material_005.uasset" 733
"D:/WIRE 4.27/Content/Models/Level/TEST/Materials/Material_005.uexp" 734
"D:/WIRE 4.27/Content/Models/Level/TEST/TexturingFinal_Bird_Cage_007.uasset" 735
"D:/WIRE 4.27/Content/Models/Level/TEST/TexturingFinal_Bird_Cage_007.uexp" 736
"D:/WIRE 4.27/Content/Models/Level/TEST/TexturingFinal_Bird_Cage_002.uasset" 737
"D:/WIRE 4.27/Content/Models/Level/TEST/TexturingFinal_Bird_Cage_002.uexp" 738
"D:/WIRE 4.27/Content/Models/Level/TEST/TexturingFinal_Bird_Cage.uasset" 739
"D:/WIRE 4.27/Content/Models/Level/TEST/TexturingFinal_Bird_Cage.uexp" 740
"D:/WIRE 4.27/Content/PostProcess/Tonemapper_Inst.uasset" 741
"D:/WIRE 4.27/Content/PostProcess/Tonemapper_Inst.uexp" 742
"D:/WIRE 4.27/Content/Models/Level/TEST/Textures/SM_Lamp_Base.uasset" 743
"D:/WIRE 4.27/Content/Models/Level/TEST/Textures/SM_Lamp_Base.uexp" 744
"D:/WIRE 4.27/Content/Models/Level/TEST/Textures/SM_Lamp_Base.ubulk" 745
"D:/WIRE 4.27/Content/Models/Level/TEST/Materials/Emissive.uasset" 746
"D:/WIRE 4.27/Content/Models/Level/TEST/Materials/Emissive.uexp" 747
"D:/WIRE 4.27/Content/Models/Level/TEST/Materials/EmissiveGlow.uasset" 748
"D:/WIRE 4.27/Content/Models/Level/TEST/Materials/EmissiveGlow.uexp" 749
"D:/WIRE 4.27/Content/Models/Level/TEST/Textures/SM_Pipes_Base.uasset" 750
"D:/WIRE 4.27/Content/Models/Level/TEST/Textures/SM_Pipes_Base.uexp" 751
"D:/WIRE 4.27/Content/Models/Level/TEST/Textures/SM_Pipes_Base.ubulk" 752
"D:/WIRE 4.27/Content/Models/Level/TEST/Materials/Pipes.uasset" 753
"D:/WIRE 4.27/Content/Models/Level/TEST/Materials/Pipes.uexp" 754
"D:/WIRE 4.27/Content/Models/Level/TEST/Materials/Lamps.uasset" 755
"D:/WIRE 4.27/Content/Models/Level/TEST/Materials/Lamps.uexp" 756
"D:/WIRE 4.27/Content/Levels/Interior/Tower/TowerInterior_01_BuiltData.uasset" 757
"D:/WIRE 4.27/Content/Levels/Interior/Tower/TowerInterior_01_BuiltData.uexp" 758
"D:/WIRE 4.27/Content/Levels/Interior/Tower/TowerInterior_01_BuiltData.ubulk" 759
"D:/WIRE 4.27/Content/Models/Level/TEST/TexturingFinal_Bird_Cage_001.uasset" 760
"D:/WIRE 4.27/Content/Models/Level/TEST/TexturingFinal_Bird_Cage_001.uexp" 761
"D:/WIRE 4.27/Content/PostProcess/FogOfWar/M_FogOfWarBeach.uasset" 762
"D:/WIRE 4.27/Content/PostProcess/FogOfWar/M_FogOfWarBeach.uexp" 763
"D:/WIRE 4.27/Content/PostProcess/FogOfWar/M_FogOfWarBeach_DarkInst.uasset" 764
"D:/WIRE 4.27/Content/PostProcess/FogOfWar/M_FogOfWarBeach_DarkInst.uexp" 765
"D:/WIRE 4.27/Content/PostProcess/FogOfWar/SM_FogPlane.uasset" 766
"D:/WIRE 4.27/Content/PostProcess/FogOfWar/SM_FogPlane.uexp" 767
"D:/WIRE 4.27/Content/PostProcess/FogOfWar/FogGenerator.uasset" 768
"D:/WIRE 4.27/Content/PostProcess/FogOfWar/FogGenerator.uexp" 769
"D:/WIRE 4.27/Content/Physics/Materials/StoneMaterial.uasset" 770
"D:/WIRE 4.27/Content/Physics/Materials/StoneMaterial.uexp" 771
"D:/WIRE 4.27/Content/Models/Level/TEST/Textures/SM_WoodenChair_Base.uasset" 772
"D:/WIRE 4.27/Content/Models/Level/TEST/Textures/SM_WoodenChair_Base.uexp" 773
"D:/WIRE 4.27/Content/Models/Level/TEST/Textures/SM_WoodenChair_Base.ubulk" 774
"D:/WIRE 4.27/Content/Models/Level/TEST/Materials/Material_010.uasset" 775
"D:/WIRE 4.27/Content/Models/Level/TEST/Materials/Material_010.uexp" 776
"D:/WIRE 4.27/Content/Models/Level/TEST/TexturingFinal_Wooden_Chair_004.uasset" 777
"D:/WIRE 4.27/Content/Models/Level/TEST/TexturingFinal_Wooden_Chair_004.uexp" 778
"D:/WIRE 4.27/Content/Models/Level/TEST/TexturingFinal_Wooden_Chair_002.uasset" 779
"D:/WIRE 4.27/Content/Models/Level/TEST/TexturingFinal_Wooden_Chair_002.uexp" 780
"D:/WIRE 4.27/Content/Models/Level/TEST/TexturingFinal_Wooden_Chair_001.uasset" 781
"D:/WIRE 4.27/Content/Models/Level/TEST/TexturingFinal_Wooden_Chair_001.uexp" 782
"D:/WIRE 4.27/Content/Models/Level/TEST/TexturingFinal_Wooden_Chair.uasset" 783
"D:/WIRE 4.27/Content/Models/Level/TEST/TexturingFinal_Wooden_Chair.uexp" 784
"D:/WIRE 4.27/Content/Models/Level/TEST/TexturingFinal_StraightPipe_018.uasset" 785
"D:/WIRE 4.27/Content/Models/Level/TEST/TexturingFinal_StraightPipe_018.uexp" 786
"D:/WIRE 4.27/Content/Models/Level/TEST/TexturingFinal_StraightPipe_017.uasset" 787
"D:/WIRE 4.27/Content/Models/Level/TEST/TexturingFinal_StraightPipe_017.uexp" 788
"D:/WIRE 4.27/Content/Models/Level/TEST/TexturingFinal_StraightPipe_016.uasset" 789
"D:/WIRE 4.27/Content/Models/Level/TEST/TexturingFinal_StraightPipe_016.uexp" 790
"D:/WIRE 4.27/Content/Models/Level/TEST/TexturingFinal_StraightPipe_015.uasset" 791
"D:/WIRE 4.27/Content/Models/Level/TEST/TexturingFinal_StraightPipe_015.uexp" 792
"D:/WIRE 4.27/Content/Models/Level/TEST/TexturingFinal_StraightPipe_014.uasset" 793
"D:/WIRE 4.27/Content/Models/Level/TEST/TexturingFinal_StraightPipe_014.uexp" 794
"D:/WIRE 4.27/Content/Models/Level/TEST/TexturingFinal_StraightPipe_013.uasset" 795
"D:/WIRE 4.27/Content/Models/Level/TEST/TexturingFinal_StraightPipe_013.uexp" 796
"D:/WIRE 4.27/Content/Models/Level/TEST/TexturingFinal_StraightPipe_012.uasset" 797
"D:/WIRE 4.27/Content/Models/Level/TEST/TexturingFinal_StraightPipe_012.uexp" 798
"D:/WIRE 4.27/Content/Models/Level/TEST/TexturingFinal_StraightPipe_011.uasset" 799
"D:/WIRE 4.27/Content/Models/Level/TEST/TexturingFinal_StraightPipe_011.uexp" 800
"D:/WIRE 4.27/Content/Models/Level/TEST/Materials/Material_014.uasset" 801
"D:/WIRE 4.27/Content/Models/Level/TEST/Materials/Material_014.uexp" 802
"D:/WIRE 4.27/Content/Models/Level/TEST/TexturingFinal_StraightPipe_010.uasset" 803
"D:/WIRE 4.27/Content/Models/Level/TEST/TexturingFinal_StraightPipe_010.uexp" 804
"D:/WIRE 4.27/Content/Models/Level/TEST/TexturingFinal_StraightPipe_009.uasset" 805
"D:/WIRE 4.27/Content/Models/Level/TEST/TexturingFinal_StraightPipe_009.uexp" 806
"D:/WIRE 4.27/Content/Models/Level/TEST/TexturingFinal_StraightPipe_008.uasset" 807
"D:/WIRE 4.27/Content/Models/Level/TEST/TexturingFinal_StraightPipe_008.uexp" 808
"D:/WIRE 4.27/Content/Models/Level/TEST/TexturingFinal_StraightPipe_007.uasset" 809
"D:/WIRE 4.27/Content/Models/Level/TEST/TexturingFinal_StraightPipe_007.uexp" 810
"D:/WIRE 4.27/Content/Models/Level/TEST/TexturingFinal_StraightPipe_006.uasset" 811
"D:/WIRE 4.27/Content/Models/Level/TEST/TexturingFinal_StraightPipe_006.uexp" 812
"D:/WIRE 4.27/Content/Models/Level/TEST/TexturingFinal_StraightPipe_005.uasset" 813
"D:/WIRE 4.27/Content/Models/Level/TEST/TexturingFinal_StraightPipe_005.uexp" 814
"D:/WIRE 4.27/Content/Models/Level/TEST/TexturingFinal_StraightPipe_004.uasset" 815
"D:/WIRE 4.27/Content/Models/Level/TEST/TexturingFinal_StraightPipe_004.uexp" 816
"D:/WIRE 4.27/Content/Models/Level/TEST/TexturingFinal_StraightPipe_003.uasset" 817
"D:/WIRE 4.27/Content/Models/Level/TEST/TexturingFinal_StraightPipe_003.uexp" 818
"D:/WIRE 4.27/Content/Models/Level/TEST/TexturingFinal_StraightPipe_002.uasset" 819
"D:/WIRE 4.27/Content/Models/Level/TEST/TexturingFinal_StraightPipe_002.uexp" 820
"D:/WIRE 4.27/Content/Models/Level/TEST/TexturingFinal_StraightPipe_001.uasset" 821
"D:/WIRE 4.27/Content/Models/Level/TEST/TexturingFinal_StraightPipe_001.uexp" 822
"D:/WIRE 4.27/Content/Models/Level/TEST/TexturingFinal_StraightPipe.uasset" 823
"D:/WIRE 4.27/Content/Models/Level/TEST/TexturingFinal_StraightPipe.uexp" 824
"D:/WIRE 4.27/Content/Models/Level/TEST/Textures/SM_HubWalls_Base.uasset" 825
"D:/WIRE 4.27/Content/Models/Level/TEST/Textures/SM_HubWalls_Base.uexp" 826
"D:/WIRE 4.27/Content/Models/Level/TEST/Textures/SM_HubWalls_Base.ubulk" 827
"D:/WIRE 4.27/Content/Models/Level/TEST/Materials/Material_013.uasset" 828
"D:/WIRE 4.27/Content/Models/Level/TEST/Materials/Material_013.uexp" 829
"D:/WIRE 4.27/Content/Models/Level/TEST/TexturingFinal_SM_HubWalls.uasset" 830
"D:/WIRE 4.27/Content/Models/Level/TEST/TexturingFinal_SM_HubWalls.uexp" 831
"D:/WIRE 4.27/Content/Models/Level/TEST/Textures/SM_HubSupports_Base.uasset" 832
"D:/WIRE 4.27/Content/Models/Level/TEST/Textures/SM_HubSupports_Base.uexp" 833
"D:/WIRE 4.27/Content/Models/Level/TEST/Textures/SM_HubSupports_Base.ubulk" 834
"D:/WIRE 4.27/Content/Models/Level/TEST/Materials/supportCol.uasset" 835
"D:/WIRE 4.27/Content/Models/Level/TEST/Materials/supportCol.uexp" 836
"D:/WIRE 4.27/Content/Models/Level/TEST/TexturingFinal_SM_HubSupports.uasset" 837
"D:/WIRE 4.27/Content/Models/Level/TEST/TexturingFinal_SM_HubSupports.uexp" 838
"D:/WIRE 4.27/Content/Models/Level/TEST/Textures/SM_HubSunroof_Base.uasset" 839
"D:/WIRE 4.27/Content/Models/Level/TEST/Textures/SM_HubSunroof_Base.uexp" 840
"D:/WIRE 4.27/Content/Models/Level/TEST/Textures/SM_HubSunroof_Base.ubulk" 841
"D:/WIRE 4.27/Content/Models/Level/TEST/Materials/Material_004.uasset" 842
"D:/WIRE 4.27/Content/Models/Level/TEST/Materials/Material_004.uexp" 843
"D:/WIRE 4.27/Content/Models/Level/TEST/TexturingFinal_SM_HubSunroof.uasset" 844
"D:/WIRE 4.27/Content/Models/Level/TEST/TexturingFinal_SM_HubSunroof.uexp" 845
"D:/WIRE 4.27/Content/Models/Level/TEST/Textures/SM_HubRoof_Base.uasset" 846
"D:/WIRE 4.27/Content/Models/Level/TEST/Textures/SM_HubRoof_Base.uexp" 847
"D:/WIRE 4.27/Content/Models/Level/TEST/Textures/SM_HubRoof_Base.ubulk" 848
"D:/WIRE 4.27/Content/Models/Level/TEST/Materials/Material_002.uasset" 849
"D:/WIRE 4.27/Content/Models/Level/TEST/Materials/Material_002.uexp" 850
"D:/WIRE 4.27/Content/Models/Level/TEST/TexturingFinal_SM_HubRoof.uasset" 851
"D:/WIRE 4.27/Content/Models/Level/TEST/TexturingFinal_SM_HubRoof.uexp" 852
"D:/WIRE 4.27/Content/Models/Level/TEST/Textures/SM_HubRail_Base.uasset" 853
"D:/WIRE 4.27/Content/Models/Level/TEST/Textures/SM_HubRail_Base.uexp" 854
"D:/WIRE 4.27/Content/Models/Level/TEST/Textures/SM_HubRail_Base.ubulk" 855
"D:/WIRE 4.27/Content/Models/Level/TEST/Materials/Rail.uasset" 856
"D:/WIRE 4.27/Content/Models/Level/TEST/Materials/Rail.uexp" 857
"D:/WIRE 4.27/Content/Models/Level/TEST/TexturingFinal_SM_HubRail.uasset" 858
"D:/WIRE 4.27/Content/Models/Level/TEST/TexturingFinal_SM_HubRail.uexp" 859
"D:/WIRE 4.27/Content/Models/Level/TEST/Textures/SM_HubHole_Base.uasset" 860
"D:/WIRE 4.27/Content/Models/Level/TEST/Textures/SM_HubHole_Base.uexp" 861
"D:/WIRE 4.27/Content/Models/Level/TEST/Textures/SM_HubHole_Base.ubulk" 862
"D:/WIRE 4.27/Content/Models/Level/TEST/Textures/Normals/SM_HubHole_Hole_Normal.uasset" 863
"D:/WIRE 4.27/Content/Models/Level/TEST/Textures/Normals/SM_HubHole_Hole_Normal.uexp" 864
"D:/WIRE 4.27/Content/Models/Level/TEST/Textures/Normals/SM_HubHole_Hole_Normal.ubulk" 865
"D:/WIRE 4.27/Content/Models/Level/TEST/Materials/Hole.uasset" 866
"D:/WIRE 4.27/Content/Models/Level/TEST/Materials/Hole.uexp" 867
"D:/WIRE 4.27/Content/Models/Level/TEST/TexturingFinal_SM_HubHole.uasset" 868
"D:/WIRE 4.27/Content/Models/Level/TEST/TexturingFinal_SM_HubHole.uexp" 869
"D:/WIRE 4.27/Content/Models/Level/TEST/Textures/SM_HubFloor_Base.uasset" 870
"D:/WIRE 4.27/Content/Models/Level/TEST/Textures/SM_HubFloor_Base.uexp" 871
"D:/WIRE 4.27/Content/Models/Level/TEST/Textures/SM_HubFloor_Base.ubulk" 872
"D:/WIRE 4.27/Content/Models/Level/TEST/Materials/Material_001.uasset" 873
"D:/WIRE 4.27/Content/Models/Level/TEST/Materials/Material_001.uexp" 874
"D:/WIRE 4.27/Content/Models/Level/TEST/TexturingFinal_SM_HubFloor.uasset" 875
"D:/WIRE 4.27/Content/Models/Level/TEST/TexturingFinal_SM_HubFloor.uexp" 876
"D:/WIRE 4.27/Content/Models/Level/TEST/Textures/SM_HubFalseDoors_Base.uasset" 877
"D:/WIRE 4.27/Content/Models/Level/TEST/Textures/SM_HubFalseDoors_Base.uexp" 878
"D:/WIRE 4.27/Content/Models/Level/TEST/Textures/SM_HubFalseDoors_Base.ubulk" 879
"D:/WIRE 4.27/Content/Models/Level/TEST/Materials/Door.uasset" 880
"D:/WIRE 4.27/Content/Models/Level/TEST/Materials/Door.uexp" 881
"D:/WIRE 4.27/Content/Models/Level/TEST/TexturingFinal_SM_HubFalseDoors_001.uasset" 882
"D:/WIRE 4.27/Content/Models/Level/TEST/TexturingFinal_SM_HubFalseDoors_001.uexp" 883
"D:/WIRE 4.27/Content/Models/Level/TEST/TexturingFinal_SM_HubFalseDoors.uasset" 884
"D:/WIRE 4.27/Content/Models/Level/TEST/TexturingFinal_SM_HubFalseDoors.uexp" 885
"D:/WIRE 4.27/Content/Models/Level/TEST/Textures/SM_HubEntrance_Base.uasset" 886
"D:/WIRE 4.27/Content/Models/Level/TEST/Textures/SM_HubEntrance_Base.uexp" 887
"D:/WIRE 4.27/Content/Models/Level/TEST/Textures/SM_HubEntrance_Base.ubulk" 888
"D:/WIRE 4.27/Content/Models/Level/TEST/Materials/Material.uasset" 889
"D:/WIRE 4.27/Content/Models/Level/TEST/Materials/Material.uexp" 890
"D:/WIRE 4.27/Content/Models/Level/TEST/TexturingFinal_SM_HubEntrance.uasset" 891
"D:/WIRE 4.27/Content/Models/Level/TEST/TexturingFinal_SM_HubEntrance.uexp" 892
"D:/WIRE 4.27/Content/Models/Level/TEST/TexturingFinal_PipeCap.uasset" 893
"D:/WIRE 4.27/Content/Models/Level/TEST/TexturingFinal_PipeCap.uexp" 894
"D:/WIRE 4.27/Content/Models/Level/TEST/Materials/checker_map_gravity.uasset" 895
"D:/WIRE 4.27/Content/Models/Level/TEST/Materials/checker_map_gravity.uexp" 896
"D:/WIRE 4.27/Content/Models/Level/TEST/TexturingFinal_Large_Cage_002.uasset" 897
"D:/WIRE 4.27/Content/Models/Level/TEST/TexturingFinal_Large_Cage_002.uexp" 898
"D:/WIRE 4.27/Content/Models/Level/TEST/TexturingFinal_Large_Cage.uasset" 899
"D:/WIRE 4.27/Content/Models/Level/TEST/TexturingFinal_Large_Cage.uexp" 900
"D:/WIRE 4.27/Content/Models/Level/TEST/TexturingFinal_Lamp_002.uasset" 901
"D:/WIRE 4.27/Content/Models/Level/TEST/TexturingFinal_Lamp_002.uexp" 902
"D:/WIRE 4.27/Content/Models/Level/TEST/Textures/SM_Ladder_Base.uasset" 903
"D:/WIRE 4.27/Content/Models/Level/TEST/Textures/SM_Ladder_Base.uexp" 904
"D:/WIRE 4.27/Content/Models/Level/TEST/Textures/SM_Ladder_Base.ubulk" 905
"D:/WIRE 4.27/Content/Models/Level/TEST/Materials/Material_008.uasset" 906
"D:/WIRE 4.27/Content/Models/Level/TEST/Materials/Material_008.uexp" 907
"D:/WIRE 4.27/Content/Models/Level/TEST/TexturingFinal_Ladder.uasset" 908
"D:/WIRE 4.27/Content/Models/Level/TEST/TexturingFinal_Ladder.uexp" 909
"D:/WIRE 4.27/Content/Models/Level/TEST/TexturingFinal_IntersectPipe_001.uasset" 910
"D:/WIRE 4.27/Content/Models/Level/TEST/TexturingFinal_IntersectPipe_001.uexp" 911
"D:/WIRE 4.27/Content/Models/Level/TEST/TexturingFinal_IntersectPipe.uasset" 912
"D:/WIRE 4.27/Content/Models/Level/TEST/TexturingFinal_IntersectPipe.uexp" 913
"D:/WIRE 4.27/Content/Models/Level/TEST/Textures/SM_Desk_Base.uasset" 914
"D:/WIRE 4.27/Content/Models/Level/TEST/Textures/SM_Desk_Base.uexp" 915
"D:/WIRE 4.27/Content/Models/Level/TEST/Textures/SM_Desk_Base.ubulk" 916
"D:/WIRE 4.27/Content/Models/Level/TEST/Materials/Desk.uasset" 917
"D:/WIRE 4.27/Content/Models/Level/TEST/Materials/Desk.uexp" 918
"D:/WIRE 4.27/Content/Models/Level/TEST/TexturingFinal_Desk.uasset" 919
"D:/WIRE 4.27/Content/Models/Level/TEST/TexturingFinal_Desk.uexp" 920
"D:/WIRE 4.27/Content/Models/Level/TEST/TexturingFinal_Cross_Pipe.uasset" 921
"D:/WIRE 4.27/Content/Models/Level/TEST/TexturingFinal_Cross_Pipe.uexp" 922
"D:/WIRE 4.27/Content/Models/Level/TEST/Textures/SM_Cloth_Base.uasset" 923
"D:/WIRE 4.27/Content/Models/Level/TEST/Textures/SM_Cloth_Base.uexp" 924
"D:/WIRE 4.27/Content/Models/Level/TEST/Textures/SM_Cloth_Base.ubulk" 925
"D:/WIRE 4.27/Content/Models/Level/TEST/Materials/Material_011.uasset" 926
"D:/WIRE 4.27/Content/Models/Level/TEST/Materials/Material_011.uexp" 927
"D:/WIRE 4.27/Content/Models/Level/TEST/TexturingFinal_Chair_Cloth.uasset" 928
"D:/WIRE 4.27/Content/Models/Level/TEST/TexturingFinal_Chair_Cloth.uexp" 929
"D:/WIRE 4.27/Content/Models/Level/TEST/TexturingFinal_Chain_008.uasset" 930
"D:/WIRE 4.27/Content/Models/Level/TEST/TexturingFinal_Chain_008.uexp" 931
"D:/WIRE 4.27/Content/Models/Level/TEST/TexturingFinal_Chain_007.uasset" 932
"D:/WIRE 4.27/Content/Models/Level/TEST/TexturingFinal_Chain_007.uexp" 933
"../../../Engine/Content/Functions/Engine_MaterialFunctions02/ScreenResolution.uasset" 934
"../../../Engine/Content/Functions/Engine_MaterialFunctions02/ScreenResolution.uexp" 935
"../../../Engine/Content/Functions/Engine_MaterialFunctions01/Texturing/ScaleUVsByCenter.uasset" 936
"../../../Engine/Content/Functions/Engine_MaterialFunctions01/Texturing/ScaleUVsByCenter.uexp" 937
"../../../Engine/Content/Functions/Engine_MaterialFunctions02/Texturing/ScreenAlignedUVs.uasset" 938
"../../../Engine/Content/Functions/Engine_MaterialFunctions02/Texturing/ScreenAlignedUVs.uexp" 939
"D:/WIRE 4.27/Content/PostProcess/FilmGrain.uasset" 940
"D:/WIRE 4.27/Content/PostProcess/FilmGrain.uexp" 941
"D:/WIRE 4.27/Content/PostProcess/FilmGrain_Inst.uasset" 942
"D:/WIRE 4.27/Content/PostProcess/FilmGrain_Inst.uexp" 943
"D:/WIRE 4.27/Content/PostProcess/Pixelate.uasset" 944
"D:/WIRE 4.27/Content/PostProcess/Pixelate.uexp" 945
"D:/WIRE 4.27/Content/PostProcess/Pixelate_Inst.uasset" 946
"D:/WIRE 4.27/Content/PostProcess/Pixelate_Inst.uexp" 947
"D:/WIRE 4.27/Content/Blueprints/Widgets/UITextures/TextBox/TextBox.uasset" 948
"D:/WIRE 4.27/Content/Blueprints/Widgets/UITextures/TextBox/TextBox.uexp" 949
"D:/WIRE 4.27/Content/Blueprints/Widgets/NPC_Interactions/MannequinText.uasset" 950
"D:/WIRE 4.27/Content/Blueprints/Widgets/NPC_Interactions/MannequinText.uexp" 951
"D:/WIRE 4.27/Content/Levels/Interior/Tower/TowerInterior_01.uexp" 952
"D:/WIRE 4.27/Content/Levels/Interior/Tower/TowerInterior_01.umap" 953
"../../../Engine/Content/BasicShapes/BasicShapeMaterial.uasset" 954
"../../../Engine/Content/BasicShapes/BasicShapeMaterial.uexp" 955
"../../../Engine/Content/BasicShapes/Sphere.uasset" 956
"../../../Engine/Content/BasicShapes/Sphere.uexp" 957
"D:/WIRE 4.27/Content/Audio/Music/Samples/Flowers_5.uasset" 958
"D:/WIRE 4.27/Content/Audio/Music/Samples/Flowers_5.uexp" 959
"D:/WIRE 4.27/Content/UI/1200px-ESRB_RP_svg.uasset" 960
"D:/WIRE 4.27/Content/UI/1200px-ESRB_RP_svg.uexp" 961
"D:/WIRE 4.27/Content/VisualEffects/Logo/Evermore_Shore_Logo-21.uasset" 962
"D:/WIRE 4.27/Content/VisualEffects/Logo/Evermore_Shore_Logo-21.uexp" 963
"D:/WIRE 4.27/Content/Blueprints/Widgets/Logo.uasset" 964
"D:/WIRE 4.27/Content/Blueprints/Widgets/Logo.uexp" 965
"D:/WIRE 4.27/Content/Audio/Music/Samples/Flowers_7.uasset" 966
"D:/WIRE 4.27/Content/Audio/Music/Samples/Flowers_7.uexp" 967
"D:/WIRE 4.27/Content/UI/Menu/GameName.uasset" 968
"D:/WIRE 4.27/Content/UI/Menu/GameName.uexp" 969
"D:/WIRE 4.27/Content/Blueprints/Widgets/MainMenu.uasset" 970
"D:/WIRE 4.27/Content/Blueprints/Widgets/MainMenu.uexp" 971
"D:/WIRE 4.27/Content/Models/Character/Deer/DeerRigged_Skeleton.uasset" 972
"D:/WIRE 4.27/Content/Models/Character/Deer/DeerRigged_Skeleton.uexp" 973
"D:/WIRE 4.27/Content/Models/Character/Deer/DeerRigged_PhysicsAsset.uasset" 974
"D:/WIRE 4.27/Content/Models/Character/Deer/DeerRigged_PhysicsAsset.uexp" 975
"D:/WIRE 4.27/Content/Models/Character/Deer/T_deerVines.uasset" 976
"D:/WIRE 4.27/Content/Models/Character/Deer/T_deerVines.uexp" 977
"D:/WIRE 4.27/Content/Models/Character/Deer/T_deerVines.ubulk" 978
"D:/WIRE 4.27/Content/Models/Character/Deer/T_deerVines_Mat.uasset" 979
"D:/WIRE 4.27/Content/Models/Character/Deer/T_deerVines_Mat.uexp" 980
"D:/WIRE 4.27/Content/Models/Character/Deer/T_DeerSkull.uasset" 981
"D:/WIRE 4.27/Content/Models/Character/Deer/T_DeerSkull.uexp" 982
"D:/WIRE 4.27/Content/Models/Character/Deer/T_DeerSkull.ubulk" 983
"D:/WIRE 4.27/Content/Models/Character/Deer/T_DeerSkull_Mat.uasset" 984
"D:/WIRE 4.27/Content/Models/Character/Deer/T_DeerSkull_Mat.uexp" 985
"D:/WIRE 4.27/Content/Models/Character/Deer/T_DeerBody.uasset" 986
"D:/WIRE 4.27/Content/Models/Character/Deer/T_DeerBody.uexp" 987
"D:/WIRE 4.27/Content/Models/Character/Deer/T_DeerBody.ubulk" 988
"D:/WIRE 4.27/Content/Models/Character/Deer/T_DeerBody_Mat.uasset" 989
"D:/WIRE 4.27/Content/Models/Character/Deer/T_DeerBody_Mat.uexp" 990
"D:/WIRE 4.27/Content/Models/Character/Deer/DeerRigged.uasset" 991
"D:/WIRE 4.27/Content/Models/Character/Deer/DeerRigged.uexp" 992
"D:/WIRE 4.27/Content/Models/Level/TowerExterior/Textures/Grass2D/Grass_roughness.uasset" 993
"D:/WIRE 4.27/Content/Models/Level/TowerExterior/Textures/Grass2D/Grass_roughness.uexp" 994
"D:/WIRE 4.27/Content/Models/Level/TowerExterior/Textures/Grass2D/Grass_roughness.ubulk" 995
"D:/WIRE 4.27/Content/Models/Level/TowerExterior/Textures/Grass2D/Grass_height.uasset" 996
"D:/WIRE 4.27/Content/Models/Level/TowerExterior/Textures/Grass2D/Grass_height.uexp" 997
"D:/WIRE 4.27/Content/Models/Level/TowerExterior/Textures/Grass2D/Grass_height.ubulk" 998
"D:/WIRE 4.27/Content/Models/Level/TowerExterior/Textures/Grass2D/Grass_basecolor.uasset" 999
"D:/WIRE 4.27/Content/Models/Level/TowerExterior/Textures/Grass2D/Grass_basecolor.uexp" 1000
"D:/WIRE 4.27/Content/Models/Level/TowerExterior/Textures/Grass2D/Grass_basecolor.ubulk" 1001
"D:/WIRE 4.27/Content/Models/Level/TowerExterior/Textures/Grass2D/Grass_ambientOcclusion.uasset" 1002
"D:/WIRE 4.27/Content/Models/Level/TowerExterior/Textures/Grass2D/Grass_ambientOcclusion.uexp" 1003
"D:/WIRE 4.27/Content/Models/Level/TowerExterior/Textures/Grass2D/Grass_ambientOcclusion.ubulk" 1004
"D:/WIRE 4.27/Content/Models/Level/TowerExterior/Materials/GrassMaterial.uasset" 1005
"D:/WIRE 4.27/Content/Models/Level/TowerExterior/Materials/GrassMaterial.uexp" 1006
"D:/WIRE 4.27/Content/Models/Level/TowerExterior/Instances/GrassInst.uasset" 1007
"D:/WIRE 4.27/Content/Models/Level/TowerExterior/Instances/GrassInst.uexp" 1008
"D:/WIRE 4.27/Content/Levels/MainMenu/MainMenu_BuiltData.uasset" 1009
"D:/WIRE 4.27/Content/Levels/MainMenu/MainMenu_BuiltData.uexp" 1010
"D:/WIRE 4.27/Content/Levels/MainMenu/MainMenu_BuiltData.ubulk" 1011
"D:/WIRE 4.27/Content/StarterContent/ThirdPersonBP/Blueprints/ThirdPersonGameMode.uasset" 1012
"D:/WIRE 4.27/Content/StarterContent/ThirdPersonBP/Blueprints/ThirdPersonGameMode.uexp" 1013
"D:/WIRE 4.27/Content/Models/Character/Deer/DeerRigged_Anim.uasset" 1014
"D:/WIRE 4.27/Content/Models/Character/Deer/DeerRigged_Anim.uexp" 1015
"D:/WIRE 4.27/Content/VisualEffects/Fireflies/FireflyM.uasset" 1016
"D:/WIRE 4.27/Content/VisualEffects/Fireflies/FireflyM.uexp" 1017
"D:/WIRE 4.27/Content/VisualEffects/Fireflies/FireflyM_Inst.uasset" 1018
"D:/WIRE 4.27/Content/VisualEffects/Fireflies/FireflyM_Inst.uexp" 1019
"D:/WIRE 4.27/Content/VisualEffects/Fireflies/Fireflies_Particle.uasset" 1020
"D:/WIRE 4.27/Content/VisualEffects/Fireflies/Fireflies_Particle.uexp" 1021
"D:/WIRE 4.27/Content/VisualEffects/FogCards/1/FogCard1_M_Inst1.uasset" 1022
"D:/WIRE 4.27/Content/VisualEffects/FogCards/1/FogCard1_M_Inst1.uexp" 1023
"D:/WIRE 4.27/Content/VisualEffects/FogCards/FogCard1.uasset" 1024
"D:/WIRE 4.27/Content/VisualEffects/FogCards/FogCard1.uexp" 1025
"D:/WIRE 4.27/Content/Levels/MainMenu/MainMenu.uexp" 1026
"D:/WIRE 4.27/Content/Levels/MainMenu/MainMenu.umap" 1027
"D:/WIRE 4.27/Content/Blueprints/Widgets/ScreenSizeStart.uasset" 1028
"D:/WIRE 4.27/Content/Blueprints/Widgets/ScreenSizeStart.uexp" 1029
"D:/WIRE 4.27/Content/Levels/MainMenu/OpenGameLoadLevel.uexp" 1030
"D:/WIRE 4.27/Content/Levels/MainMenu/OpenGameLoadLevel.umap" 1031
"../../../Engine/Content/Maps/Entry_BuiltData.uasset" 1032
"../../../Engine/Content/Maps/Entry_BuiltData.uexp" 1033
"../../../Engine/Content/Maps/Entry.uexp" 1034
"../../../Engine/Content/Maps/Entry.umap" 1035
